[30m2024-11-27T12:12:48,836[m [32mINFO  [m[[1;34mbackground-preinit[m] [1;33mVersion[m: HV000001: Hibernate Validator 8.0.1.Final
[30m2024-11-27T12:12:48,869[m [32mINFO  [m[[1;34mmain[m] [1;33mStartupInfoLogger[m: Starting LabApplication using Java 20.0.2.1 with PID 20247 (/home/maximus/Desktop/chemichemi/lab/target/classes started by maximus in /home/maximus/Desktop/chemichemi/lab)
[30m2024-11-27T12:12:48,874[m [32mINFO  [m[[1;34mmain[m] [1;33mSpringApplication[m: No active profile set, falling back to 1 default profile: "default"
[30m2024-11-27T12:12:49,566[m [32mINFO  [m[[1;34mmain[m] [1;33mRepositoryConfigurationDelegate[m: Bootstrapping Spring Data JPA repositories in DEFAULT mode.
[30m2024-11-27T12:12:49,626[m [32mINFO  [m[[1;34mmain[m] [1;33mRepositoryConfigurationDelegate[m: Finished Spring Data repository scanning in 55 ms. Found 11 JPA repository interfaces.
[30m2024-11-27T12:12:50,295[m [32mINFO  [m[[1;34mmain[m] [1;33mTomcatWebServer[m: Tomcat initialized with port 8087 (http)
[30m2024-11-27T12:12:50,303[m [32mINFO  [m[[1;34mmain[m] [1;33mDirectJDKLog[m: Initializing ProtocolHandler ["http-nio-8087"]
[30m2024-11-27T12:12:50,304[m [32mINFO  [m[[1;34mmain[m] [1;33mDirectJDKLog[m: Starting service [Tomcat]
[30m2024-11-27T12:12:50,305[m [32mINFO  [m[[1;34mmain[m] [1;33mDirectJDKLog[m: Starting Servlet engine: [Apache Tomcat/10.1.25]
[30m2024-11-27T12:12:50,350[m [32mINFO  [m[[1;34mmain[m] [1;33mDirectJDKLog[m: Initializing Spring embedded WebApplicationContext
[30m2024-11-27T12:12:50,351[m [32mINFO  [m[[1;34mmain[m] [1;33mServletWebServerApplicationContext[m: Root WebApplicationContext: initialization completed in 1447 ms
[30m2024-11-27T12:12:50,505[m [32mINFO  [m[[1;34mmain[m] [1;33mLogHelper[m: HHH000204: Processing PersistenceUnitInfo [name: default]
[30m2024-11-27T12:12:50,547[m [32mINFO  [m[[1;34mmain[m] [1;33mVersion[m: HHH000412: Hibernate ORM core version 6.5.2.Final
[30m2024-11-27T12:12:50,569[m [32mINFO  [m[[1;34mmain[m] [1;33mRegionFactoryInitiator[m: HHH000026: Second-level cache disabled
[30m2024-11-27T12:12:50,771[m [32mINFO  [m[[1;34mmain[m] [1;33mSpringPersistenceUnitInfo[m: No LoadTimeWeaver setup: ignoring JPA class transformer
[30m2024-11-27T12:12:50,789[m [32mINFO  [m[[1;34mmain[m] [1;33mHikariDataSource[m: HikariPool-1 - Starting...
[30m2024-11-27T12:12:51,029[m [32mINFO  [m[[1;34mmain[m] [1;33mHikariPool[m: HikariPool-1 - Added connection com.mysql.cj.jdbc.ConnectionImpl@116915f1
[30m2024-11-27T12:12:51,031[m [32mINFO  [m[[1;34mmain[m] [1;33mHikariDataSource[m: HikariPool-1 - Start completed.
[30m2024-11-27T12:12:51,067[m [33mWARN  [m[[1;34mmain[m] [1;33mDialectFactoryImpl[m: HHH90000025: MySQLDialect does not need to be specified explicitly using 'hibernate.dialect' (remove the property setting and it will be selected by default)
[30m2024-11-27T12:12:52,071[m [32mINFO  [m[[1;34mmain[m] [1;33mJtaPlatformInitiator[m: HHH000489: No JTA platform available (set 'hibernate.transaction.jta.platform' to enable JTA platform integration)
[30m2024-11-27T12:12:52,159[m [32mINFO  [m[[1;34mmain[m] [1;33mAbstractEntityManagerFactoryBean[m: Initialized JPA EntityManagerFactory for persistence unit 'default'
[30m2024-11-27T12:12:53,081[m [32mINFO  [m[[1;34mmain[m] [1;33mInitializeAuthenticationProviderBeanManagerConfigurer$InitializeAuthenticationProviderManagerConfigurer[m: Global AuthenticationManager configured with AuthenticationProvider bean with name authenticationProvider
[30m2024-11-27T12:12:53,082[m [33mWARN  [m[[1;34mmain[m] [1;33mInitializeUserDetailsBeanManagerConfigurer$InitializeUserDetailsManagerConfigurer[m: Global AuthenticationManager configured with an AuthenticationProvider bean. UserDetailsService beans will not be used for username/password login. Consider removing the AuthenticationProvider bean. Alternatively, consider using the UserDetailsService in a manually instantiated DaoAuthenticationProvider.
[30m2024-11-27T12:12:53,648[m [33mWARN  [m[[1;34mmain[m] [1;33mJpaBaseConfiguration$JpaWebConfiguration[m: spring.jpa.open-in-view is enabled by default. Therefore, database queries may be performed during view rendering. Explicitly configure spring.jpa.open-in-view to disable this warning
[30m2024-11-27T12:12:55,101[m [32mINFO  [m[[1;34mmain[m] [1;33mAbstractConfig[m: AdminClientConfig values: 
	auto.include.jmx.reporter = true
	bootstrap.controllers = []
	bootstrap.servers = [localhost:29092]
	client.dns.lookup = use_all_dns_ips
	client.id = 
	connections.max.idle.ms = 300000
	default.api.timeout.ms = 60000
	enable.metrics.push = true
	metadata.max.age.ms = 300000
	metric.reporters = []
	metrics.num.samples = 2
	metrics.recording.level = INFO
	metrics.sample.window.ms = 30000
	receive.buffer.bytes = 65536
	reconnect.backoff.max.ms = 1000
	reconnect.backoff.ms = 50
	request.timeout.ms = 30000
	retries = 2147483647
	retry.backoff.max.ms = 1000
	retry.backoff.ms = 100
	sasl.client.callback.handler.class = null
	sasl.jaas.config = null
	sasl.kerberos.kinit.cmd = /usr/bin/kinit
	sasl.kerberos.min.time.before.relogin = 60000
	sasl.kerberos.service.name = null
	sasl.kerberos.ticket.renew.jitter = 0.05
	sasl.kerberos.ticket.renew.window.factor = 0.8
	sasl.login.callback.handler.class = null
	sasl.login.class = null
	sasl.login.connect.timeout.ms = null
	sasl.login.read.timeout.ms = null
	sasl.login.refresh.buffer.seconds = 300
	sasl.login.refresh.min.period.seconds = 60
	sasl.login.refresh.window.factor = 0.8
	sasl.login.refresh.window.jitter = 0.05
	sasl.login.retry.backoff.max.ms = 10000
	sasl.login.retry.backoff.ms = 100
	sasl.mechanism = GSSAPI
	sasl.oauthbearer.clock.skew.seconds = 30
	sasl.oauthbearer.expected.audience = null
	sasl.oauthbearer.expected.issuer = null
	sasl.oauthbearer.jwks.endpoint.refresh.ms = 3600000
	sasl.oauthbearer.jwks.endpoint.retry.backoff.max.ms = 10000
	sasl.oauthbearer.jwks.endpoint.retry.backoff.ms = 100
	sasl.oauthbearer.jwks.endpoint.url = null
	sasl.oauthbearer.scope.claim.name = scope
	sasl.oauthbearer.sub.claim.name = sub
	sasl.oauthbearer.token.endpoint.url = null
	security.protocol = PLAINTEXT
	security.providers = null
	send.buffer.bytes = 131072
	socket.connection.setup.timeout.max.ms = 30000
	socket.connection.setup.timeout.ms = 10000
	ssl.cipher.suites = null
	ssl.enabled.protocols = [TLSv1.2, TLSv1.3]
	ssl.endpoint.identification.algorithm = https
	ssl.engine.factory.class = null
	ssl.key.password = null
	ssl.keymanager.algorithm = SunX509
	ssl.keystore.certificate.chain = null
	ssl.keystore.key = null
	ssl.keystore.location = null
	ssl.keystore.password = null
	ssl.keystore.type = JKS
	ssl.protocol = TLSv1.3
	ssl.provider = null
	ssl.secure.random.implementation = null
	ssl.trustmanager.algorithm = PKIX
	ssl.truststore.certificates = null
	ssl.truststore.location = null
	ssl.truststore.password = null
	ssl.truststore.type = JKS

[30m2024-11-27T12:12:55,143[m [32mINFO  [m[[1;34mmain[m] [1;33mAppInfoParser$AppInfo[m: Kafka version: 3.7.0
[30m2024-11-27T12:12:55,143[m [32mINFO  [m[[1;34mmain[m] [1;33mAppInfoParser$AppInfo[m: Kafka commitId: 2ae524ed625438c5
[30m2024-11-27T12:12:55,143[m [32mINFO  [m[[1;34mmain[m] [1;33mAppInfoParser$AppInfo[m: Kafka startTimeMs: 1732698775142
[30m2024-11-27T12:12:55,368[m [32mINFO  [m[[1;34mkafka-admin-client-thread | adminclient-1[m] [1;33mAppInfoParser[m: App info kafka.admin.client for adminclient-1 unregistered
[30m2024-11-27T12:12:55,372[m [32mINFO  [m[[1;34mkafka-admin-client-thread | adminclient-1[m] [1;33mMetrics[m: Metrics scheduler closed
[30m2024-11-27T12:12:55,372[m [32mINFO  [m[[1;34mkafka-admin-client-thread | adminclient-1[m] [1;33mMetrics[m: Closing reporter org.apache.kafka.common.metrics.JmxReporter
[30m2024-11-27T12:12:55,372[m [32mINFO  [m[[1;34mkafka-admin-client-thread | adminclient-1[m] [1;33mMetrics[m: Metrics reporters closed
[30m2024-11-27T12:12:55,375[m [32mINFO  [m[[1;34mmain[m] [1;33mDirectJDKLog[m: Starting ProtocolHandler ["http-nio-8087"]
[30m2024-11-27T12:12:55,385[m [32mINFO  [m[[1;34mmain[m] [1;33mTomcatWebServer[m: Tomcat started on port 8087 (http) with context path '/'
[30m2024-11-27T12:12:55,404[m [32mINFO  [m[[1;34mmain[m] [1;33mAbstractConfig[m: ConsumerConfig values: 
	allow.auto.create.topics = true
	auto.commit.interval.ms = 5000
	auto.include.jmx.reporter = true
	auto.offset.reset = latest
	bootstrap.servers = [localhost:29092]
	check.crcs = true
	client.dns.lookup = use_all_dns_ips
	client.id = consumer-groupId-1
	client.rack = 
	connections.max.idle.ms = 540000
	default.api.timeout.ms = 60000
	enable.auto.commit = false
	enable.metrics.push = true
	exclude.internal.topics = true
	fetch.max.bytes = 52428800
	fetch.max.wait.ms = 500
	fetch.min.bytes = 1
	group.id = groupId
	group.instance.id = null
	group.protocol = classic
	group.remote.assignor = null
	heartbeat.interval.ms = 3000
	interceptor.classes = []
	internal.leave.group.on.close = true
	internal.throw.on.fetch.stable.offset.unsupported = false
	isolation.level = read_uncommitted
	key.deserializer = class org.apache.kafka.common.serialization.StringDeserializer
	max.partition.fetch.bytes = 1048576
	max.poll.interval.ms = 300000
	max.poll.records = 500
	metadata.max.age.ms = 300000
	metric.reporters = []
	metrics.num.samples = 2
	metrics.recording.level = INFO
	metrics.sample.window.ms = 30000
	partition.assignment.strategy = [class org.apache.kafka.clients.consumer.RangeAssignor, class org.apache.kafka.clients.consumer.CooperativeStickyAssignor]
	receive.buffer.bytes = 65536
	reconnect.backoff.max.ms = 1000
	reconnect.backoff.ms = 50
	request.timeout.ms = 30000
	retry.backoff.max.ms = 1000
	retry.backoff.ms = 100
	sasl.client.callback.handler.class = null
	sasl.jaas.config = null
	sasl.kerberos.kinit.cmd = /usr/bin/kinit
	sasl.kerberos.min.time.before.relogin = 60000
	sasl.kerberos.service.name = null
	sasl.kerberos.ticket.renew.jitter = 0.05
	sasl.kerberos.ticket.renew.window.factor = 0.8
	sasl.login.callback.handler.class = null
	sasl.login.class = null
	sasl.login.connect.timeout.ms = null
	sasl.login.read.timeout.ms = null
	sasl.login.refresh.buffer.seconds = 300
	sasl.login.refresh.min.period.seconds = 60
	sasl.login.refresh.window.factor = 0.8
	sasl.login.refresh.window.jitter = 0.05
	sasl.login.retry.backoff.max.ms = 10000
	sasl.login.retry.backoff.ms = 100
	sasl.mechanism = GSSAPI
	sasl.oauthbearer.clock.skew.seconds = 30
	sasl.oauthbearer.expected.audience = null
	sasl.oauthbearer.expected.issuer = null
	sasl.oauthbearer.jwks.endpoint.refresh.ms = 3600000
	sasl.oauthbearer.jwks.endpoint.retry.backoff.max.ms = 10000
	sasl.oauthbearer.jwks.endpoint.retry.backoff.ms = 100
	sasl.oauthbearer.jwks.endpoint.url = null
	sasl.oauthbearer.scope.claim.name = scope
	sasl.oauthbearer.sub.claim.name = sub
	sasl.oauthbearer.token.endpoint.url = null
	security.protocol = PLAINTEXT
	security.providers = null
	send.buffer.bytes = 131072
	session.timeout.ms = 45000
	socket.connection.setup.timeout.max.ms = 30000
	socket.connection.setup.timeout.ms = 10000
	ssl.cipher.suites = null
	ssl.enabled.protocols = [TLSv1.2, TLSv1.3]
	ssl.endpoint.identification.algorithm = https
	ssl.engine.factory.class = null
	ssl.key.password = null
	ssl.keymanager.algorithm = SunX509
	ssl.keystore.certificate.chain = null
	ssl.keystore.key = null
	ssl.keystore.location = null
	ssl.keystore.password = null
	ssl.keystore.type = JKS
	ssl.protocol = TLSv1.3
	ssl.provider = null
	ssl.secure.random.implementation = null
	ssl.trustmanager.algorithm = PKIX
	ssl.truststore.certificates = null
	ssl.truststore.location = null
	ssl.truststore.password = null
	ssl.truststore.type = JKS
	value.deserializer = class org.apache.kafka.common.serialization.StringDeserializer

[30m2024-11-27T12:12:55,429[m [32mINFO  [m[[1;34mmain[m] [1;33mKafkaMetricsCollector$StateLedger[m: initializing Kafka metrics collector
[30m2024-11-27T12:12:55,461[m [32mINFO  [m[[1;34mmain[m] [1;33mAppInfoParser$AppInfo[m: Kafka version: 3.7.0
[30m2024-11-27T12:12:55,462[m [32mINFO  [m[[1;34mmain[m] [1;33mAppInfoParser$AppInfo[m: Kafka commitId: 2ae524ed625438c5
[30m2024-11-27T12:12:55,462[m [32mINFO  [m[[1;34mmain[m] [1;33mAppInfoParser$AppInfo[m: Kafka startTimeMs: 1732698775461
[30m2024-11-27T12:12:55,464[m [32mINFO  [m[[1;34mmain[m] [1;33mLegacyKafkaConsumer[m: [Consumer clientId=consumer-groupId-1, groupId=groupId] Subscribed to topic(s): shamba_lab
[30m2024-11-27T12:12:55,479[m [32mINFO  [m[[1;34morg.springframework.kafka.KafkaListenerEndpointContainer#0-0-C-1[m] [1;33mMetadata[m: [Consumer clientId=consumer-groupId-1, groupId=groupId] Cluster ID: GgASpRyjTxmLr1ii1H-pnw
[30m2024-11-27T12:12:55,480[m [32mINFO  [m[[1;34mmain[m] [1;33mStartupInfoLogger[m: Started LabApplication in 6.917 seconds (process running for 7.729)
[30m2024-11-27T12:12:55,480[m [32mINFO  [m[[1;34morg.springframework.kafka.KafkaListenerEndpointContainer#0-0-C-1[m] [1;33mAbstractCoordinator$FindCoordinatorResponseHandler[m: [Consumer clientId=consumer-groupId-1, groupId=groupId] Discovered group coordinator localhost:29092 (id: 2147483646 rack: null)
[30m2024-11-27T12:12:55,483[m [32mINFO  [m[[1;34morg.springframework.kafka.KafkaListenerEndpointContainer#0-0-C-1[m] [1;33mAbstractCoordinator[m: [Consumer clientId=consumer-groupId-1, groupId=groupId] (Re-)joining group
[30m2024-11-27T12:12:55,493[m [32mINFO  [m[[1;34morg.springframework.kafka.KafkaListenerEndpointContainer#0-0-C-1[m] [1;33mAbstractCoordinator[m: [Consumer clientId=consumer-groupId-1, groupId=groupId] Request joining group due to: need to re-join with the given member-id: consumer-groupId-1-c4b4178a-a35e-4da7-8644-e3cd664efeac
[30m2024-11-27T12:12:55,493[m [32mINFO  [m[[1;34morg.springframework.kafka.KafkaListenerEndpointContainer#0-0-C-1[m] [1;33mAbstractCoordinator[m: [Consumer clientId=consumer-groupId-1, groupId=groupId] (Re-)joining group
[30m2024-11-27T12:12:58,497[m [32mINFO  [m[[1;34morg.springframework.kafka.KafkaListenerEndpointContainer#0-0-C-1[m] [1;33mAbstractCoordinator$JoinGroupResponseHandler[m: [Consumer clientId=consumer-groupId-1, groupId=groupId] Successfully joined group with generation Generation{generationId=270, memberId='consumer-groupId-1-c4b4178a-a35e-4da7-8644-e3cd664efeac', protocol='range'}
[30m2024-11-27T12:12:58,509[m [32mINFO  [m[[1;34morg.springframework.kafka.KafkaListenerEndpointContainer#0-0-C-1[m] [1;33mConsumerCoordinator[m: [Consumer clientId=consumer-groupId-1, groupId=groupId] Finished assignment for group at generation 270: {consumer-groupId-1-c4b4178a-a35e-4da7-8644-e3cd664efeac=Assignment(partitions=[shamba_lab-0])}
[30m2024-11-27T12:12:58,518[m [32mINFO  [m[[1;34morg.springframework.kafka.KafkaListenerEndpointContainer#0-0-C-1[m] [1;33mAbstractCoordinator$SyncGroupResponseHandler[m: [Consumer clientId=consumer-groupId-1, groupId=groupId] Successfully synced group in generation Generation{generationId=270, memberId='consumer-groupId-1-c4b4178a-a35e-4da7-8644-e3cd664efeac', protocol='range'}
[30m2024-11-27T12:12:58,519[m [32mINFO  [m[[1;34morg.springframework.kafka.KafkaListenerEndpointContainer#0-0-C-1[m] [1;33mConsumerCoordinator[m: [Consumer clientId=consumer-groupId-1, groupId=groupId] Notifying assignor about the new Assignment(partitions=[shamba_lab-0])
[30m2024-11-27T12:12:58,520[m [32mINFO  [m[[1;34morg.springframework.kafka.KafkaListenerEndpointContainer#0-0-C-1[m] [1;33mConsumerRebalanceListenerInvoker[m: [Consumer clientId=consumer-groupId-1, groupId=groupId] Adding newly assigned partitions: shamba_lab-0
[30m2024-11-27T12:12:58,527[m [32mINFO  [m[[1;34morg.springframework.kafka.KafkaListenerEndpointContainer#0-0-C-1[m] [1;33mConsumerUtils[m: Setting offset for partition shamba_lab-0 to the committed offset FetchPosition{offset=131, offsetEpoch=Optional.empty, currentLeader=LeaderAndEpoch{leader=Optional[localhost:29092 (id: 1 rack: null)], epoch=0}}
[30m2024-11-27T12:12:58,528[m [32mINFO  [m[[1;34morg.springframework.kafka.KafkaListenerEndpointContainer#0-0-C-1[m] [1;33mLogAccessor[m: groupId: partitions assigned: [shamba_lab-0]
[30m2024-11-27T12:13:12,722[m [32mINFO  [m[[1;34mhttp-nio-8087-exec-1[m] [1;33mDirectJDKLog[m: Initializing Spring DispatcherServlet 'dispatcherServlet'
[30m2024-11-27T12:13:12,723[m [32mINFO  [m[[1;34mhttp-nio-8087-exec-1[m] [1;33mFrameworkServlet[m: Initializing Servlet 'dispatcherServlet'
[30m2024-11-27T12:13:12,724[m [32mINFO  [m[[1;34mhttp-nio-8087-exec-1[m] [1;33mFrameworkServlet[m: Completed initialization in 1 ms
[30m2024-11-27T12:13:15,019[m [32mINFO  [m[[1;34mhttp-nio-8087-exec-4[m] [1;33mControllerLoggerAspect[m: Request Path: /api/air/device with HTTP method GET
[30m2024-11-27T12:13:15,019[m [32mINFO  [m[[1;34mhttp-nio-8087-exec-3[m] [1;33mControllerLoggerAspect[m: Request Path: /api/soil/device with HTTP method GET
[30m2024-11-27T12:13:15,021[m [32mINFO  [m[[1;34mhttp-nio-8087-exec-4[m] [1;33mControllerLoggerAspect[m:   Shamaba_HEADERS   connection -- Upgrade  x-real-ip -- 127.0.0.1  x-forwarded-for -- 127.0.0.1  x-forwarded-proto -- http  x-forwarded-host -- shambalab.me.com  host -- shambalab.me.com  x-requested-host -- http://shambalab.me.com/api/air/device?page=0&size=8  user-agent -- Mozilla/5.0 (X11; Linux x86_64) AppleWebKit/537.36 (KHTML, like Gecko) Chrome/131.0.0.0 Safari/537.36  accept -- application/json, text/plain, */*  authorization -- Bearer eyJhbGciOiJIUzI1NiJ9.eyJzdWIiOiJsZW5ueUB3YXR0LmNvbXZ2IiwiaWF0IjoxNzMyNjk4NzkzLCJleHAiOjE3MzI3MTMxOTN9.dtrQRUD24c5bgwvzHN_ycVzd4XpTifTcQHIxAO2jsZI  referer -- http://shambalab.me.com/tables  accept-encoding -- gzip, deflate  accept-language -- en-US,en;q=0.9
[30m2024-11-27T12:13:15,022[m [32mINFO  [m[[1;34mhttp-nio-8087-exec-4[m] [1;33mControllerLoggerAspect[m: Correlation ID: Not provided
[30m2024-11-27T12:13:15,021[m [32mINFO  [m[[1;34mhttp-nio-8087-exec-3[m] [1;33mControllerLoggerAspect[m:   Shamaba_HEADERS   connection -- Upgrade  x-real-ip -- 127.0.0.1  x-forwarded-for -- 127.0.0.1  x-forwarded-proto -- http  x-forwarded-host -- shambalab.me.com  host -- shambalab.me.com  x-requested-host -- http://shambalab.me.com/api/soil/device?page=0&size=8  user-agent -- Mozilla/5.0 (X11; Linux x86_64) AppleWebKit/537.36 (KHTML, like Gecko) Chrome/131.0.0.0 Safari/537.36  accept -- application/json, text/plain, */*  authorization -- Bearer eyJhbGciOiJIUzI1NiJ9.eyJzdWIiOiJsZW5ueUB3YXR0LmNvbXZ2IiwiaWF0IjoxNzMyNjk4NzkzLCJleHAiOjE3MzI3MTMxOTN9.dtrQRUD24c5bgwvzHN_ycVzd4XpTifTcQHIxAO2jsZI  referer -- http://shambalab.me.com/tables  accept-encoding -- gzip, deflate  accept-language -- en-US,en;q=0.9
[30m2024-11-27T12:13:15,022[m [32mINFO  [m[[1;34mhttp-nio-8087-exec-4[m] [1;33mServiceLoggerAspect[m: Enter getAirByDeviceID() method with params [null, 0, 8, null, null]
[30m2024-11-27T12:13:15,023[m [32mINFO  [m[[1;34mhttp-nio-8087-exec-3[m] [1;33mControllerLoggerAspect[m: Correlation ID: Not provided
[30m2024-11-27T12:13:15,023[m [32mINFO  [m[[1;34mhttp-nio-8087-exec-3[m] [1;33mServiceLoggerAspect[m: Enter getSoilByShambaIDAndRangeDate() method with params [null, 0, 8, null, null]
[30m2024-11-27T12:13:15,031[m [1;31mERROR [m[[1;34mhttp-nio-8087-exec-3[m] [1;33mDirectJDKLog[m: Servlet.service() for servlet [dispatcherServlet] in context with path [] threw exception [Request processing failed: java.lang.RuntimeException: java.lang.Exception: No farm found with id null] with root cause
java.lang.Exception: No farm found with id null
	at com.chemi.lab.mkulima.farm.ShambaService.getDefaultFarmID(ShambaService.java:109)
	at com.chemi.lab.soil.SoilService.getSoilByShambaIDAndRangeDate(SoilService.java:32)
	at java.base/jdk.internal.reflect.DirectMethodHandleAccessor.invoke(DirectMethodHandleAccessor.java:104)
	at java.base/java.lang.reflect.Method.invoke(Method.java:578)
	at org.springframework.aop.support.AopUtils.invokeJoinpointUsingReflection(AopUtils.java:354)
	at org.springframework.aop.framework.ReflectiveMethodInvocation.invokeJoinpoint(ReflectiveMethodInvocation.java:196)
	at org.springframework.aop.framework.ReflectiveMethodInvocation.proceed(ReflectiveMethodInvocation.java:163)
	at org.springframework.aop.framework.CglibAopProxy$CglibMethodInvocation.proceed(CglibAopProxy.java:768)
	at org.springframework.aop.framework.adapter.AfterReturningAdviceInterceptor.invoke(AfterReturningAdviceInterceptor.java:57)
	at org.springframework.aop.framework.ReflectiveMethodInvocation.proceed(ReflectiveMethodInvocation.java:184)
	at org.springframework.aop.framework.CglibAopProxy$CglibMethodInvocation.proceed(CglibAopProxy.java:768)
	at org.springframework.aop.framework.adapter.MethodBeforeAdviceInterceptor.invoke(MethodBeforeAdviceInterceptor.java:58)
	at org.springframework.aop.framework.ReflectiveMethodInvocation.proceed(ReflectiveMethodInvocation.java:184)
	at org.springframework.aop.framework.CglibAopProxy$CglibMethodInvocation.proceed(CglibAopProxy.java:768)
	at org.springframework.aop.interceptor.ExposeInvocationInterceptor.invoke(ExposeInvocationInterceptor.java:97)
	at org.springframework.aop.framework.ReflectiveMethodInvocation.proceed(ReflectiveMethodInvocation.java:184)
	at org.springframework.aop.framework.CglibAopProxy$CglibMethodInvocation.proceed(CglibAopProxy.java:768)
	at org.springframework.aop.framework.CglibAopProxy$DynamicAdvisedInterceptor.intercept(CglibAopProxy.java:720)
	at com.chemi.lab.soil.SoilService$$SpringCGLIB$$0.getSoilByShambaIDAndRangeDate(<generated>)
	at com.chemi.lab.soil.SoilController.getSoilByDeviceID(SoilController.java:30)
	at java.base/jdk.internal.reflect.DirectMethodHandleAccessor.invoke(DirectMethodHandleAccessor.java:104)
	at java.base/java.lang.reflect.Method.invoke(Method.java:578)
	at org.springframework.aop.support.AopUtils.invokeJoinpointUsingReflection(AopUtils.java:354)
	at org.springframework.aop.framework.ReflectiveMethodInvocation.invokeJoinpoint(ReflectiveMethodInvocation.java:196)
	at org.springframework.aop.framework.ReflectiveMethodInvocation.proceed(ReflectiveMethodInvocation.java:163)
	at org.springframework.aop.framework.CglibAopProxy$CglibMethodInvocation.proceed(CglibAopProxy.java:768)
	at org.springframework.aop.framework.adapter.MethodBeforeAdviceInterceptor.invoke(MethodBeforeAdviceInterceptor.java:58)
	at org.springframework.aop.framework.ReflectiveMethodInvocation.proceed(ReflectiveMethodInvocation.java:184)
	at org.springframework.aop.framework.CglibAopProxy$CglibMethodInvocation.proceed(CglibAopProxy.java:768)
	at org.springframework.aop.interceptor.ExposeInvocationInterceptor.invoke(ExposeInvocationInterceptor.java:97)
	at org.springframework.aop.framework.ReflectiveMethodInvocation.proceed(ReflectiveMethodInvocation.java:184)
	at org.springframework.aop.framework.CglibAopProxy$CglibMethodInvocation.proceed(CglibAopProxy.java:768)
	at org.springframework.aop.framework.CglibAopProxy$DynamicAdvisedInterceptor.intercept(CglibAopProxy.java:720)
	at com.chemi.lab.soil.SoilController$$SpringCGLIB$$0.getSoilByDeviceID(<generated>)
	at java.base/jdk.internal.reflect.DirectMethodHandleAccessor.invoke(DirectMethodHandleAccessor.java:104)
	at java.base/java.lang.reflect.Method.invoke(Method.java:578)
	at org.springframework.web.method.support.InvocableHandlerMethod.doInvoke(InvocableHandlerMethod.java:255)
	at org.springframework.web.method.support.InvocableHandlerMethod.invokeForRequest(InvocableHandlerMethod.java:188)
	at org.springframework.web.servlet.mvc.method.annotation.ServletInvocableHandlerMethod.invokeAndHandle(ServletInvocableHandlerMethod.java:118)
	at org.springframework.web.servlet.mvc.method.annotation.RequestMappingHandlerAdapter.invokeHandlerMethod(RequestMappingHandlerAdapter.java:926)
	at org.springframework.web.servlet.mvc.method.annotation.RequestMappingHandlerAdapter.handleInternal(RequestMappingHandlerAdapter.java:831)
	at org.springframework.web.servlet.mvc.method.AbstractHandlerMethodAdapter.handle(AbstractHandlerMethodAdapter.java:87)
	at org.springframework.web.servlet.DispatcherServlet.doDispatch(DispatcherServlet.java:1089)
	at org.springframework.web.servlet.DispatcherServlet.doService(DispatcherServlet.java:979)
	at org.springframework.web.servlet.FrameworkServlet.processRequest(FrameworkServlet.java:1014)
	at org.springframework.web.servlet.FrameworkServlet.doGet(FrameworkServlet.java:903)
	at jakarta.servlet.http.HttpServlet.service(HttpServlet.java:564)
	at org.springframework.web.servlet.FrameworkServlet.service(FrameworkServlet.java:885)
	at jakarta.servlet.http.HttpServlet.service(HttpServlet.java:658)
	at org.apache.catalina.core.ApplicationFilterChain.internalDoFilter(ApplicationFilterChain.java:195)
	at org.apache.catalina.core.ApplicationFilterChain.doFilter(ApplicationFilterChain.java:140)
	at org.apache.tomcat.websocket.server.WsFilter.doFilter(WsFilter.java:51)
	at org.apache.catalina.core.ApplicationFilterChain.internalDoFilter(ApplicationFilterChain.java:164)
	at org.apache.catalina.core.ApplicationFilterChain.doFilter(ApplicationFilterChain.java:140)
	at org.springframework.web.filter.OncePerRequestFilter.doFilter(OncePerRequestFilter.java:110)
	at org.apache.catalina.core.ApplicationFilterChain.internalDoFilter(ApplicationFilterChain.java:164)
	at org.apache.catalina.core.ApplicationFilterChain.doFilter(ApplicationFilterChain.java:140)
	at org.springframework.web.filter.CompositeFilter$VirtualFilterChain.doFilter(CompositeFilter.java:108)
	at org.springframework.security.web.FilterChainProxy.lambda$doFilterInternal$3(FilterChainProxy.java:231)
	at org.springframework.security.web.FilterChainProxy$VirtualFilterChain.doFilter(FilterChainProxy.java:365)
	at org.springframework.security.web.access.intercept.AuthorizationFilter.doFilter(AuthorizationFilter.java:100)
	at org.springframework.security.web.FilterChainProxy$VirtualFilterChain.doFilter(FilterChainProxy.java:374)
	at org.springframework.security.web.access.ExceptionTranslationFilter.doFilter(ExceptionTranslationFilter.java:126)
	at org.springframework.security.web.access.ExceptionTranslationFilter.doFilter(ExceptionTranslationFilter.java:120)
	at org.springframework.security.web.FilterChainProxy$VirtualFilterChain.doFilter(FilterChainProxy.java:374)
	at org.springframework.security.web.session.SessionManagementFilter.doFilter(SessionManagementFilter.java:131)
	at org.springframework.security.web.session.SessionManagementFilter.doFilter(SessionManagementFilter.java:85)
	at org.springframework.security.web.FilterChainProxy$VirtualFilterChain.doFilter(FilterChainProxy.java:374)
	at org.springframework.security.web.authentication.AnonymousAuthenticationFilter.doFilter(AnonymousAuthenticationFilter.java:100)
	at org.springframework.security.web.FilterChainProxy$VirtualFilterChain.doFilter(FilterChainProxy.java:374)
	at org.springframework.security.web.servletapi.SecurityContextHolderAwareRequestFilter.doFilter(SecurityContextHolderAwareRequestFilter.java:179)
	at org.springframework.security.web.FilterChainProxy$VirtualFilterChain.doFilter(FilterChainProxy.java:374)
	at org.springframework.security.web.savedrequest.RequestCacheAwareFilter.doFilter(RequestCacheAwareFilter.java:63)
	at org.springframework.security.web.FilterChainProxy$VirtualFilterChain.doFilter(FilterChainProxy.java:374)
	at com.chemi.lab.auth.config.JwtAuthFilter.doFilterInternal(JwtAuthFilter.java:61)
	at org.springframework.web.filter.OncePerRequestFilter.doFilter(OncePerRequestFilter.java:116)
	at org.springframework.security.web.FilterChainProxy$VirtualFilterChain.doFilter(FilterChainProxy.java:374)
	at org.springframework.security.web.authentication.logout.LogoutFilter.doFilter(LogoutFilter.java:107)
	at org.springframework.security.web.authentication.logout.LogoutFilter.doFilter(LogoutFilter.java:93)
	at org.springframework.security.web.FilterChainProxy$VirtualFilterChain.doFilter(FilterChainProxy.java:374)
	at org.springframework.web.filter.CorsFilter.doFilterInternal(CorsFilter.java:91)
	at org.springframework.web.filter.OncePerRequestFilter.doFilter(OncePerRequestFilter.java:116)
	at org.springframework.security.web.FilterChainProxy$VirtualFilterChain.doFilter(FilterChainProxy.java:374)
	at org.springframework.security.web.header.HeaderWriterFilter.doHeadersAfter(HeaderWriterFilter.java:90)
	at org.springframework.security.web.header.HeaderWriterFilter.doFilterInternal(HeaderWriterFilter.java:75)
	at org.springframework.web.filter.OncePerRequestFilter.doFilter(OncePerRequestFilter.java:116)
	at org.springframework.security.web.FilterChainProxy$VirtualFilterChain.doFilter(FilterChainProxy.java:374)
	at org.springframework.security.web.context.SecurityContextHolderFilter.doFilter(SecurityContextHolderFilter.java:82)
	at org.springframework.security.web.context.SecurityContextHolderFilter.doFilter(SecurityContextHolderFilter.java:69)
	at org.springframework.security.web.FilterChainProxy$VirtualFilterChain.doFilter(FilterChainProxy.java:374)
	at org.springframework.security.web.context.request.async.WebAsyncManagerIntegrationFilter.doFilterInternal(WebAsyncManagerIntegrationFilter.java:62)
	at org.springframework.web.filter.OncePerRequestFilter.doFilter(OncePerRequestFilter.java:116)
	at org.springframework.security.web.FilterChainProxy$VirtualFilterChain.doFilter(FilterChainProxy.java:374)
	at org.springframework.security.web.session.DisableEncodeUrlFilter.doFilterInternal(DisableEncodeUrlFilter.java:42)
	at org.springframework.web.filter.OncePerRequestFilter.doFilter(OncePerRequestFilter.java:116)
	at org.springframework.security.web.FilterChainProxy$VirtualFilterChain.doFilter(FilterChainProxy.java:374)
	at org.springframework.security.web.FilterChainProxy.doFilterInternal(FilterChainProxy.java:233)
	at org.springframework.security.web.FilterChainProxy.doFilter(FilterChainProxy.java:191)
	at org.springframework.web.filter.CompositeFilter$VirtualFilterChain.doFilter(CompositeFilter.java:113)
	at org.springframework.web.servlet.handler.HandlerMappingIntrospector.lambda$createCacheFilter$3(HandlerMappingIntrospector.java:195)
	at org.springframework.web.filter.CompositeFilter$VirtualFilterChain.doFilter(CompositeFilter.java:113)
	at org.springframework.web.filter.CompositeFilter.doFilter(CompositeFilter.java:74)
	at org.springframework.security.config.annotation.web.configuration.WebMvcSecurityConfiguration$CompositeFilterChainProxy.doFilter(WebMvcSecurityConfiguration.java:230)
	at org.springframework.web.filter.DelegatingFilterProxy.invokeDelegate(DelegatingFilterProxy.java:352)
	at org.springframework.web.filter.DelegatingFilterProxy.doFilter(DelegatingFilterProxy.java:268)
	at org.apache.catalina.core.ApplicationFilterChain.internalDoFilter(ApplicationFilterChain.java:164)
	at org.apache.catalina.core.ApplicationFilterChain.doFilter(ApplicationFilterChain.java:140)
	at org.springframework.web.filter.RequestContextFilter.doFilterInternal(RequestContextFilter.java:100)
	at org.springframework.web.filter.OncePerRequestFilter.doFilter(OncePerRequestFilter.java:116)
	at org.apache.catalina.core.ApplicationFilterChain.internalDoFilter(ApplicationFilterChain.java:164)
	at org.apache.catalina.core.ApplicationFilterChain.doFilter(ApplicationFilterChain.java:140)
	at org.springframework.web.filter.FormContentFilter.doFilterInternal(FormContentFilter.java:93)
	at org.springframework.web.filter.OncePerRequestFilter.doFilter(OncePerRequestFilter.java:116)
	at org.apache.catalina.core.ApplicationFilterChain.internalDoFilter(ApplicationFilterChain.java:164)
	at org.apache.catalina.core.ApplicationFilterChain.doFilter(ApplicationFilterChain.java:140)
	at org.springframework.web.filter.CharacterEncodingFilter.doFilterInternal(CharacterEncodingFilter.java:201)
	at org.springframework.web.filter.OncePerRequestFilter.doFilter(OncePerRequestFilter.java:116)
	at org.apache.catalina.core.ApplicationFilterChain.internalDoFilter(ApplicationFilterChain.java:164)
	at org.apache.catalina.core.ApplicationFilterChain.doFilter(ApplicationFilterChain.java:140)
	at org.apache.catalina.core.StandardWrapperValve.invoke(StandardWrapperValve.java:167)
	at org.apache.catalina.core.StandardContextValve.invoke(StandardContextValve.java:90)
	at org.apache.catalina.authenticator.AuthenticatorBase.invoke(AuthenticatorBase.java:482)
	at org.apache.catalina.core.StandardHostValve.invoke(StandardHostValve.java:115)
	at org.apache.catalina.valves.ErrorReportValve.invoke(ErrorReportValve.java:93)
	at org.apache.catalina.core.StandardEngineValve.invoke(StandardEngineValve.java:74)
	at org.apache.catalina.connector.CoyoteAdapter.service(CoyoteAdapter.java:344)
	at org.apache.coyote.http11.Http11Processor.service(Http11Processor.java:389)
	at org.apache.coyote.AbstractProcessorLight.process(AbstractProcessorLight.java:63)
	at org.apache.coyote.AbstractProtocol$ConnectionHandler.process(AbstractProtocol.java:904)
	at org.apache.tomcat.util.net.NioEndpoint$SocketProcessor.doRun(NioEndpoint.java:1741)
	at org.apache.tomcat.util.net.SocketProcessorBase.run(SocketProcessorBase.java:52)
	at org.apache.tomcat.util.threads.ThreadPoolExecutor.runWorker(ThreadPoolExecutor.java:1190)
	at org.apache.tomcat.util.threads.ThreadPoolExecutor$Worker.run(ThreadPoolExecutor.java:659)
	at org.apache.tomcat.util.threads.TaskThread$WrappingRunnable.run(TaskThread.java:63)
	at java.base/java.lang.Thread.run(Thread.java:1623)
[30m2024-11-27T12:13:15,033[m [1;31mERROR [m[[1;34mhttp-nio-8087-exec-4[m] [1;33mDirectJDKLog[m: Servlet.service() for servlet [dispatcherServlet] in context with path [] threw exception [Request processing failed: java.lang.RuntimeException: java.lang.Exception: No farm found with id null] with root cause
java.lang.Exception: No farm found with id null
	at com.chemi.lab.mkulima.farm.ShambaService.getDefaultFarmID(ShambaService.java:109)
	at com.chemi.lab.air.AirService.getAirByDeviceID(AirService.java:36)
	at java.base/jdk.internal.reflect.DirectMethodHandleAccessor.invoke(DirectMethodHandleAccessor.java:104)
	at java.base/java.lang.reflect.Method.invoke(Method.java:578)
	at org.springframework.aop.support.AopUtils.invokeJoinpointUsingReflection(AopUtils.java:354)
	at org.springframework.aop.framework.ReflectiveMethodInvocation.invokeJoinpoint(ReflectiveMethodInvocation.java:196)
	at org.springframework.aop.framework.ReflectiveMethodInvocation.proceed(ReflectiveMethodInvocation.java:163)
	at org.springframework.aop.framework.CglibAopProxy$CglibMethodInvocation.proceed(CglibAopProxy.java:768)
	at org.springframework.aop.framework.adapter.AfterReturningAdviceInterceptor.invoke(AfterReturningAdviceInterceptor.java:57)
	at org.springframework.aop.framework.ReflectiveMethodInvocation.proceed(ReflectiveMethodInvocation.java:184)
	at org.springframework.aop.framework.CglibAopProxy$CglibMethodInvocation.proceed(CglibAopProxy.java:768)
	at org.springframework.aop.framework.adapter.MethodBeforeAdviceInterceptor.invoke(MethodBeforeAdviceInterceptor.java:58)
	at org.springframework.aop.framework.ReflectiveMethodInvocation.proceed(ReflectiveMethodInvocation.java:184)
	at org.springframework.aop.framework.CglibAopProxy$CglibMethodInvocation.proceed(CglibAopProxy.java:768)
	at org.springframework.aop.interceptor.ExposeInvocationInterceptor.invoke(ExposeInvocationInterceptor.java:97)
	at org.springframework.aop.framework.ReflectiveMethodInvocation.proceed(ReflectiveMethodInvocation.java:184)
	at org.springframework.aop.framework.CglibAopProxy$CglibMethodInvocation.proceed(CglibAopProxy.java:768)
	at org.springframework.aop.framework.CglibAopProxy$DynamicAdvisedInterceptor.intercept(CglibAopProxy.java:720)
	at com.chemi.lab.air.AirService$$SpringCGLIB$$0.getAirByDeviceID(<generated>)
	at com.chemi.lab.air.AirController.getAirDataBYDeviceData(AirController.java:32)
	at java.base/jdk.internal.reflect.DirectMethodHandleAccessor.invoke(DirectMethodHandleAccessor.java:104)
	at java.base/java.lang.reflect.Method.invoke(Method.java:578)
	at org.springframework.aop.support.AopUtils.invokeJoinpointUsingReflection(AopUtils.java:354)
	at org.springframework.aop.framework.ReflectiveMethodInvocation.invokeJoinpoint(ReflectiveMethodInvocation.java:196)
	at org.springframework.aop.framework.ReflectiveMethodInvocation.proceed(ReflectiveMethodInvocation.java:163)
	at org.springframework.aop.framework.CglibAopProxy$CglibMethodInvocation.proceed(CglibAopProxy.java:768)
	at org.springframework.aop.framework.adapter.MethodBeforeAdviceInterceptor.invoke(MethodBeforeAdviceInterceptor.java:58)
	at org.springframework.aop.framework.ReflectiveMethodInvocation.proceed(ReflectiveMethodInvocation.java:184)
	at org.springframework.aop.framework.CglibAopProxy$CglibMethodInvocation.proceed(CglibAopProxy.java:768)
	at org.springframework.aop.interceptor.ExposeInvocationInterceptor.invoke(ExposeInvocationInterceptor.java:97)
	at org.springframework.aop.framework.ReflectiveMethodInvocation.proceed(ReflectiveMethodInvocation.java:184)
	at org.springframework.aop.framework.CglibAopProxy$CglibMethodInvocation.proceed(CglibAopProxy.java:768)
	at org.springframework.aop.framework.CglibAopProxy$DynamicAdvisedInterceptor.intercept(CglibAopProxy.java:720)
	at com.chemi.lab.air.AirController$$SpringCGLIB$$0.getAirDataBYDeviceData(<generated>)
	at java.base/jdk.internal.reflect.DirectMethodHandleAccessor.invoke(DirectMethodHandleAccessor.java:104)
	at java.base/java.lang.reflect.Method.invoke(Method.java:578)
	at org.springframework.web.method.support.InvocableHandlerMethod.doInvoke(InvocableHandlerMethod.java:255)
	at org.springframework.web.method.support.InvocableHandlerMethod.invokeForRequest(InvocableHandlerMethod.java:188)
	at org.springframework.web.servlet.mvc.method.annotation.ServletInvocableHandlerMethod.invokeAndHandle(ServletInvocableHandlerMethod.java:118)
	at org.springframework.web.servlet.mvc.method.annotation.RequestMappingHandlerAdapter.invokeHandlerMethod(RequestMappingHandlerAdapter.java:926)
	at org.springframework.web.servlet.mvc.method.annotation.RequestMappingHandlerAdapter.handleInternal(RequestMappingHandlerAdapter.java:831)
	at org.springframework.web.servlet.mvc.method.AbstractHandlerMethodAdapter.handle(AbstractHandlerMethodAdapter.java:87)
	at org.springframework.web.servlet.DispatcherServlet.doDispatch(DispatcherServlet.java:1089)
	at org.springframework.web.servlet.DispatcherServlet.doService(DispatcherServlet.java:979)
	at org.springframework.web.servlet.FrameworkServlet.processRequest(FrameworkServlet.java:1014)
	at org.springframework.web.servlet.FrameworkServlet.doGet(FrameworkServlet.java:903)
	at jakarta.servlet.http.HttpServlet.service(HttpServlet.java:564)
	at org.springframework.web.servlet.FrameworkServlet.service(FrameworkServlet.java:885)
	at jakarta.servlet.http.HttpServlet.service(HttpServlet.java:658)
	at org.apache.catalina.core.ApplicationFilterChain.internalDoFilter(ApplicationFilterChain.java:195)
	at org.apache.catalina.core.ApplicationFilterChain.doFilter(ApplicationFilterChain.java:140)
	at org.apache.tomcat.websocket.server.WsFilter.doFilter(WsFilter.java:51)
	at org.apache.catalina.core.ApplicationFilterChain.internalDoFilter(ApplicationFilterChain.java:164)
	at org.apache.catalina.core.ApplicationFilterChain.doFilter(ApplicationFilterChain.java:140)
	at org.springframework.web.filter.OncePerRequestFilter.doFilter(OncePerRequestFilter.java:110)
	at org.apache.catalina.core.ApplicationFilterChain.internalDoFilter(ApplicationFilterChain.java:164)
	at org.apache.catalina.core.ApplicationFilterChain.doFilter(ApplicationFilterChain.java:140)
	at org.springframework.web.filter.CompositeFilter$VirtualFilterChain.doFilter(CompositeFilter.java:108)
	at org.springframework.security.web.FilterChainProxy.lambda$doFilterInternal$3(FilterChainProxy.java:231)
	at org.springframework.security.web.FilterChainProxy$VirtualFilterChain.doFilter(FilterChainProxy.java:365)
	at org.springframework.security.web.access.intercept.AuthorizationFilter.doFilter(AuthorizationFilter.java:100)
	at org.springframework.security.web.FilterChainProxy$VirtualFilterChain.doFilter(FilterChainProxy.java:374)
	at org.springframework.security.web.access.ExceptionTranslationFilter.doFilter(ExceptionTranslationFilter.java:126)
	at org.springframework.security.web.access.ExceptionTranslationFilter.doFilter(ExceptionTranslationFilter.java:120)
	at org.springframework.security.web.FilterChainProxy$VirtualFilterChain.doFilter(FilterChainProxy.java:374)
	at org.springframework.security.web.session.SessionManagementFilter.doFilter(SessionManagementFilter.java:131)
	at org.springframework.security.web.session.SessionManagementFilter.doFilter(SessionManagementFilter.java:85)
	at org.springframework.security.web.FilterChainProxy$VirtualFilterChain.doFilter(FilterChainProxy.java:374)
	at org.springframework.security.web.authentication.AnonymousAuthenticationFilter.doFilter(AnonymousAuthenticationFilter.java:100)
	at org.springframework.security.web.FilterChainProxy$VirtualFilterChain.doFilter(FilterChainProxy.java:374)
	at org.springframework.security.web.servletapi.SecurityContextHolderAwareRequestFilter.doFilter(SecurityContextHolderAwareRequestFilter.java:179)
	at org.springframework.security.web.FilterChainProxy$VirtualFilterChain.doFilter(FilterChainProxy.java:374)
	at org.springframework.security.web.savedrequest.RequestCacheAwareFilter.doFilter(RequestCacheAwareFilter.java:63)
	at org.springframework.security.web.FilterChainProxy$VirtualFilterChain.doFilter(FilterChainProxy.java:374)
	at com.chemi.lab.auth.config.JwtAuthFilter.doFilterInternal(JwtAuthFilter.java:61)
	at org.springframework.web.filter.OncePerRequestFilter.doFilter(OncePerRequestFilter.java:116)
	at org.springframework.security.web.FilterChainProxy$VirtualFilterChain.doFilter(FilterChainProxy.java:374)
	at org.springframework.security.web.authentication.logout.LogoutFilter.doFilter(LogoutFilter.java:107)
	at org.springframework.security.web.authentication.logout.LogoutFilter.doFilter(LogoutFilter.java:93)
	at org.springframework.security.web.FilterChainProxy$VirtualFilterChain.doFilter(FilterChainProxy.java:374)
	at org.springframework.web.filter.CorsFilter.doFilterInternal(CorsFilter.java:91)
	at org.springframework.web.filter.OncePerRequestFilter.doFilter(OncePerRequestFilter.java:116)
	at org.springframework.security.web.FilterChainProxy$VirtualFilterChain.doFilter(FilterChainProxy.java:374)
	at org.springframework.security.web.header.HeaderWriterFilter.doHeadersAfter(HeaderWriterFilter.java:90)
	at org.springframework.security.web.header.HeaderWriterFilter.doFilterInternal(HeaderWriterFilter.java:75)
	at org.springframework.web.filter.OncePerRequestFilter.doFilter(OncePerRequestFilter.java:116)
	at org.springframework.security.web.FilterChainProxy$VirtualFilterChain.doFilter(FilterChainProxy.java:374)
	at org.springframework.security.web.context.SecurityContextHolderFilter.doFilter(SecurityContextHolderFilter.java:82)
	at org.springframework.security.web.context.SecurityContextHolderFilter.doFilter(SecurityContextHolderFilter.java:69)
	at org.springframework.security.web.FilterChainProxy$VirtualFilterChain.doFilter(FilterChainProxy.java:374)
	at org.springframework.security.web.context.request.async.WebAsyncManagerIntegrationFilter.doFilterInternal(WebAsyncManagerIntegrationFilter.java:62)
	at org.springframework.web.filter.OncePerRequestFilter.doFilter(OncePerRequestFilter.java:116)
	at org.springframework.security.web.FilterChainProxy$VirtualFilterChain.doFilter(FilterChainProxy.java:374)
	at org.springframework.security.web.session.DisableEncodeUrlFilter.doFilterInternal(DisableEncodeUrlFilter.java:42)
	at org.springframework.web.filter.OncePerRequestFilter.doFilter(OncePerRequestFilter.java:116)
	at org.springframework.security.web.FilterChainProxy$VirtualFilterChain.doFilter(FilterChainProxy.java:374)
	at org.springframework.security.web.FilterChainProxy.doFilterInternal(FilterChainProxy.java:233)
	at org.springframework.security.web.FilterChainProxy.doFilter(FilterChainProxy.java:191)
	at org.springframework.web.filter.CompositeFilter$VirtualFilterChain.doFilter(CompositeFilter.java:113)
	at org.springframework.web.servlet.handler.HandlerMappingIntrospector.lambda$createCacheFilter$3(HandlerMappingIntrospector.java:195)
	at org.springframework.web.filter.CompositeFilter$VirtualFilterChain.doFilter(CompositeFilter.java:113)
	at org.springframework.web.filter.CompositeFilter.doFilter(CompositeFilter.java:74)
	at org.springframework.security.config.annotation.web.configuration.WebMvcSecurityConfiguration$CompositeFilterChainProxy.doFilter(WebMvcSecurityConfiguration.java:230)
	at org.springframework.web.filter.DelegatingFilterProxy.invokeDelegate(DelegatingFilterProxy.java:352)
	at org.springframework.web.filter.DelegatingFilterProxy.doFilter(DelegatingFilterProxy.java:268)
	at org.apache.catalina.core.ApplicationFilterChain.internalDoFilter(ApplicationFilterChain.java:164)
	at org.apache.catalina.core.ApplicationFilterChain.doFilter(ApplicationFilterChain.java:140)
	at org.springframework.web.filter.RequestContextFilter.doFilterInternal(RequestContextFilter.java:100)
	at org.springframework.web.filter.OncePerRequestFilter.doFilter(OncePerRequestFilter.java:116)
	at org.apache.catalina.core.ApplicationFilterChain.internalDoFilter(ApplicationFilterChain.java:164)
	at org.apache.catalina.core.ApplicationFilterChain.doFilter(ApplicationFilterChain.java:140)
	at org.springframework.web.filter.FormContentFilter.doFilterInternal(FormContentFilter.java:93)
	at org.springframework.web.filter.OncePerRequestFilter.doFilter(OncePerRequestFilter.java:116)
	at org.apache.catalina.core.ApplicationFilterChain.internalDoFilter(ApplicationFilterChain.java:164)
	at org.apache.catalina.core.ApplicationFilterChain.doFilter(ApplicationFilterChain.java:140)
	at org.springframework.web.filter.CharacterEncodingFilter.doFilterInternal(CharacterEncodingFilter.java:201)
	at org.springframework.web.filter.OncePerRequestFilter.doFilter(OncePerRequestFilter.java:116)
	at org.apache.catalina.core.ApplicationFilterChain.internalDoFilter(ApplicationFilterChain.java:164)
	at org.apache.catalina.core.ApplicationFilterChain.doFilter(ApplicationFilterChain.java:140)
	at org.apache.catalina.core.StandardWrapperValve.invoke(StandardWrapperValve.java:167)
	at org.apache.catalina.core.StandardContextValve.invoke(StandardContextValve.java:90)
	at org.apache.catalina.authenticator.AuthenticatorBase.invoke(AuthenticatorBase.java:482)
	at org.apache.catalina.core.StandardHostValve.invoke(StandardHostValve.java:115)
	at org.apache.catalina.valves.ErrorReportValve.invoke(ErrorReportValve.java:93)
	at org.apache.catalina.core.StandardEngineValve.invoke(StandardEngineValve.java:74)
	at org.apache.catalina.connector.CoyoteAdapter.service(CoyoteAdapter.java:344)
	at org.apache.coyote.http11.Http11Processor.service(Http11Processor.java:389)
	at org.apache.coyote.AbstractProcessorLight.process(AbstractProcessorLight.java:63)
	at org.apache.coyote.AbstractProtocol$ConnectionHandler.process(AbstractProtocol.java:904)
	at org.apache.tomcat.util.net.NioEndpoint$SocketProcessor.doRun(NioEndpoint.java:1741)
	at org.apache.tomcat.util.net.SocketProcessorBase.run(SocketProcessorBase.java:52)
	at org.apache.tomcat.util.threads.ThreadPoolExecutor.runWorker(ThreadPoolExecutor.java:1190)
	at org.apache.tomcat.util.threads.ThreadPoolExecutor$Worker.run(ThreadPoolExecutor.java:659)
	at org.apache.tomcat.util.threads.TaskThread$WrappingRunnable.run(TaskThread.java:63)
	at java.base/java.lang.Thread.run(Thread.java:1623)
[30m2024-11-27T12:21:55,555[m [32mINFO  [m[[1;34morg.springframework.kafka.KafkaListenerEndpointContainer#0-0-C-1[m] [1;33mNetworkClient[m: [Consumer clientId=consumer-groupId-1, groupId=groupId] Node -1 disconnected.
[30m2024-11-27T12:23:49,603[m [32mINFO  [m[[1;34morg.springframework.kafka.KafkaListenerEndpointContainer#0-0-C-1[m] [1;33mConsumerRebalanceListenerInvoker[m: [Consumer clientId=consumer-groupId-1, groupId=groupId] Revoke previously assigned partitions shamba_lab-0
[30m2024-11-27T12:23:49,604[m [32mINFO  [m[[1;34morg.springframework.kafka.KafkaListenerEndpointContainer#0-0-C-1[m] [1;33mLogAccessor[m: groupId: partitions revoked: [shamba_lab-0]
[30m2024-11-27T12:23:49,604[m [32mINFO  [m[[1;34morg.springframework.kafka.KafkaListenerEndpointContainer#0-0-C-1[m] [1;33mAbstractCoordinator[m: [Consumer clientId=consumer-groupId-1, groupId=groupId] Member consumer-groupId-1-c4b4178a-a35e-4da7-8644-e3cd664efeac sending LeaveGroup request to coordinator localhost:29092 (id: 2147483646 rack: null) due to the consumer unsubscribed from all topics
[30m2024-11-27T12:23:49,605[m [32mINFO  [m[[1;34morg.springframework.kafka.KafkaListenerEndpointContainer#0-0-C-1[m] [1;33mAbstractCoordinator[m: [Consumer clientId=consumer-groupId-1, groupId=groupId] Resetting generation and member id due to: consumer pro-actively leaving the group
[30m2024-11-27T12:23:49,605[m [32mINFO  [m[[1;34morg.springframework.kafka.KafkaListenerEndpointContainer#0-0-C-1[m] [1;33mAbstractCoordinator[m: [Consumer clientId=consumer-groupId-1, groupId=groupId] Request joining group due to: consumer pro-actively leaving the group
[30m2024-11-27T12:23:49,605[m [32mINFO  [m[[1;34morg.springframework.kafka.KafkaListenerEndpointContainer#0-0-C-1[m] [1;33mLegacyKafkaConsumer[m: [Consumer clientId=consumer-groupId-1, groupId=groupId] Unsubscribed all topics or patterns and assigned partitions
[30m2024-11-27T12:23:49,606[m [32mINFO  [m[[1;34morg.springframework.kafka.KafkaListenerEndpointContainer#0-0-C-1[m] [1;33mAbstractCoordinator[m: [Consumer clientId=consumer-groupId-1, groupId=groupId] Resetting generation and member id due to: consumer pro-actively leaving the group
[30m2024-11-27T12:23:49,607[m [32mINFO  [m[[1;34morg.springframework.kafka.KafkaListenerEndpointContainer#0-0-C-1[m] [1;33mAbstractCoordinator[m: [Consumer clientId=consumer-groupId-1, groupId=groupId] Request joining group due to: consumer pro-actively leaving the group
[30m2024-11-27T12:23:49,685[m [32mINFO  [m[[1;34morg.springframework.kafka.KafkaListenerEndpointContainer#0-0-C-1[m] [1;33mMetrics[m: Metrics scheduler closed
[30m2024-11-27T12:23:49,686[m [32mINFO  [m[[1;34morg.springframework.kafka.KafkaListenerEndpointContainer#0-0-C-1[m] [1;33mMetrics[m: Closing reporter org.apache.kafka.common.metrics.JmxReporter
[30m2024-11-27T12:23:49,686[m [32mINFO  [m[[1;34morg.springframework.kafka.KafkaListenerEndpointContainer#0-0-C-1[m] [1;33mMetrics[m: Closing reporter org.apache.kafka.common.telemetry.internals.ClientTelemetryReporter
[30m2024-11-27T12:23:49,687[m [32mINFO  [m[[1;34morg.springframework.kafka.KafkaListenerEndpointContainer#0-0-C-1[m] [1;33mMetrics[m: Metrics reporters closed
[30m2024-11-27T12:23:49,697[m [32mINFO  [m[[1;34morg.springframework.kafka.KafkaListenerEndpointContainer#0-0-C-1[m] [1;33mAppInfoParser[m: App info kafka.consumer for consumer-groupId-1 unregistered
[30m2024-11-27T12:23:49,698[m [32mINFO  [m[[1;34morg.springframework.kafka.KafkaListenerEndpointContainer#0-0-C-1[m] [1;33mLogAccessor[m: groupId: Consumer stopped
[30m2024-11-27T12:23:49,709[m [32mINFO  [m[[1;34mSpringApplicationShutdownHook[m] [1;33mAbstractEntityManagerFactoryBean[m: Closing JPA EntityManagerFactory for persistence unit 'default'
[30m2024-11-27T12:23:49,711[m [32mINFO  [m[[1;34mSpringApplicationShutdownHook[m] [1;33mHikariDataSource[m: HikariPool-1 - Shutdown initiated...
[30m2024-11-27T12:23:49,716[m [32mINFO  [m[[1;34mSpringApplicationShutdownHook[m] [1;33mHikariDataSource[m: HikariPool-1 - Shutdown completed.
