[30m2024-11-26T20:29:28,733[m [32mINFO  [m[[1;34mbackground-preinit[m] [1;33mVersion[m: HV000001: Hibernate Validator 8.0.1.Final
[30m2024-11-26T20:29:28,810[m [32mINFO  [m[[1;34mmain[m] [1;33mStartupInfoLogger[m: Starting LabApplication using Java 20.0.2.1 with PID 139857 (/home/maximus/Desktop/chemichemi/lab/target/classes started by maximus in /home/maximus/Desktop/chemichemi/lab)
[30m2024-11-26T20:29:28,817[m [32mINFO  [m[[1;34mmain[m] [1;33mSpringApplication[m: No active profile set, falling back to 1 default profile: "default"
[30m2024-11-26T20:29:30,005[m [32mINFO  [m[[1;34mmain[m] [1;33mRepositoryConfigurationDelegate[m: Bootstrapping Spring Data JPA repositories in DEFAULT mode.
[30m2024-11-26T20:29:30,130[m [32mINFO  [m[[1;34mmain[m] [1;33mRepositoryConfigurationDelegate[m: Finished Spring Data repository scanning in 115 ms. Found 11 JPA repository interfaces.
[30m2024-11-26T20:29:31,427[m [32mINFO  [m[[1;34mmain[m] [1;33mTomcatWebServer[m: Tomcat initialized with port 8087 (http)
[30m2024-11-26T20:29:31,445[m [32mINFO  [m[[1;34mmain[m] [1;33mDirectJDKLog[m: Initializing ProtocolHandler ["http-nio-8087"]
[30m2024-11-26T20:29:31,448[m [32mINFO  [m[[1;34mmain[m] [1;33mDirectJDKLog[m: Starting service [Tomcat]
[30m2024-11-26T20:29:31,449[m [32mINFO  [m[[1;34mmain[m] [1;33mDirectJDKLog[m: Starting Servlet engine: [Apache Tomcat/10.1.25]
[30m2024-11-26T20:29:31,500[m [32mINFO  [m[[1;34mmain[m] [1;33mDirectJDKLog[m: Initializing Spring embedded WebApplicationContext
[30m2024-11-26T20:29:31,501[m [32mINFO  [m[[1;34mmain[m] [1;33mServletWebServerApplicationContext[m: Root WebApplicationContext: initialization completed in 2630 ms
[30m2024-11-26T20:29:31,743[m [32mINFO  [m[[1;34mmain[m] [1;33mLogHelper[m: HHH000204: Processing PersistenceUnitInfo [name: default]
[30m2024-11-26T20:29:31,818[m [32mINFO  [m[[1;34mmain[m] [1;33mVersion[m: HHH000412: Hibernate ORM core version 6.5.2.Final
[30m2024-11-26T20:29:31,859[m [32mINFO  [m[[1;34mmain[m] [1;33mRegionFactoryInitiator[m: HHH000026: Second-level cache disabled
[30m2024-11-26T20:29:32,207[m [32mINFO  [m[[1;34mmain[m] [1;33mSpringPersistenceUnitInfo[m: No LoadTimeWeaver setup: ignoring JPA class transformer
[30m2024-11-26T20:29:32,246[m [32mINFO  [m[[1;34mmain[m] [1;33mHikariDataSource[m: HikariPool-1 - Starting...
[30m2024-11-26T20:29:32,692[m [32mINFO  [m[[1;34mmain[m] [1;33mHikariPool[m: HikariPool-1 - Added connection com.mysql.cj.jdbc.ConnectionImpl@440461ef
[30m2024-11-26T20:29:32,693[m [32mINFO  [m[[1;34mmain[m] [1;33mHikariDataSource[m: HikariPool-1 - Start completed.
[30m2024-11-26T20:29:32,751[m [33mWARN  [m[[1;34mmain[m] [1;33mDialectFactoryImpl[m: HHH90000025: MySQLDialect does not need to be specified explicitly using 'hibernate.dialect' (remove the property setting and it will be selected by default)
[30m2024-11-26T20:29:34,484[m [32mINFO  [m[[1;34mmain[m] [1;33mJtaPlatformInitiator[m: HHH000489: No JTA platform available (set 'hibernate.transaction.jta.platform' to enable JTA platform integration)
[30m2024-11-26T20:29:34,632[m [32mINFO  [m[[1;34mmain[m] [1;33mAbstractEntityManagerFactoryBean[m: Initialized JPA EntityManagerFactory for persistence unit 'default'
[30m2024-11-26T20:29:36,278[m [32mINFO  [m[[1;34mmain[m] [1;33mInitializeAuthenticationProviderBeanManagerConfigurer$InitializeAuthenticationProviderManagerConfigurer[m: Global AuthenticationManager configured with AuthenticationProvider bean with name authenticationProvider
[30m2024-11-26T20:29:36,280[m [33mWARN  [m[[1;34mmain[m] [1;33mInitializeUserDetailsBeanManagerConfigurer$InitializeUserDetailsManagerConfigurer[m: Global AuthenticationManager configured with an AuthenticationProvider bean. UserDetailsService beans will not be used for username/password login. Consider removing the AuthenticationProvider bean. Alternatively, consider using the UserDetailsService in a manually instantiated DaoAuthenticationProvider.
[30m2024-11-26T20:29:37,158[m [33mWARN  [m[[1;34mmain[m] [1;33mJpaBaseConfiguration$JpaWebConfiguration[m: spring.jpa.open-in-view is enabled by default. Therefore, database queries may be performed during view rendering. Explicitly configure spring.jpa.open-in-view to disable this warning
[30m2024-11-26T20:29:39,752[m [32mINFO  [m[[1;34mmain[m] [1;33mAbstractConfig[m: AdminClientConfig values: 
	auto.include.jmx.reporter = true
	bootstrap.controllers = []
	bootstrap.servers = [localhost:29092]
	client.dns.lookup = use_all_dns_ips
	client.id = 
	connections.max.idle.ms = 300000
	default.api.timeout.ms = 60000
	enable.metrics.push = true
	metadata.max.age.ms = 300000
	metric.reporters = []
	metrics.num.samples = 2
	metrics.recording.level = INFO
	metrics.sample.window.ms = 30000
	receive.buffer.bytes = 65536
	reconnect.backoff.max.ms = 1000
	reconnect.backoff.ms = 50
	request.timeout.ms = 30000
	retries = 2147483647
	retry.backoff.max.ms = 1000
	retry.backoff.ms = 100
	sasl.client.callback.handler.class = null
	sasl.jaas.config = null
	sasl.kerberos.kinit.cmd = /usr/bin/kinit
	sasl.kerberos.min.time.before.relogin = 60000
	sasl.kerberos.service.name = null
	sasl.kerberos.ticket.renew.jitter = 0.05
	sasl.kerberos.ticket.renew.window.factor = 0.8
	sasl.login.callback.handler.class = null
	sasl.login.class = null
	sasl.login.connect.timeout.ms = null
	sasl.login.read.timeout.ms = null
	sasl.login.refresh.buffer.seconds = 300
	sasl.login.refresh.min.period.seconds = 60
	sasl.login.refresh.window.factor = 0.8
	sasl.login.refresh.window.jitter = 0.05
	sasl.login.retry.backoff.max.ms = 10000
	sasl.login.retry.backoff.ms = 100
	sasl.mechanism = GSSAPI
	sasl.oauthbearer.clock.skew.seconds = 30
	sasl.oauthbearer.expected.audience = null
	sasl.oauthbearer.expected.issuer = null
	sasl.oauthbearer.jwks.endpoint.refresh.ms = 3600000
	sasl.oauthbearer.jwks.endpoint.retry.backoff.max.ms = 10000
	sasl.oauthbearer.jwks.endpoint.retry.backoff.ms = 100
	sasl.oauthbearer.jwks.endpoint.url = null
	sasl.oauthbearer.scope.claim.name = scope
	sasl.oauthbearer.sub.claim.name = sub
	sasl.oauthbearer.token.endpoint.url = null
	security.protocol = PLAINTEXT
	security.providers = null
	send.buffer.bytes = 131072
	socket.connection.setup.timeout.max.ms = 30000
	socket.connection.setup.timeout.ms = 10000
	ssl.cipher.suites = null
	ssl.enabled.protocols = [TLSv1.2, TLSv1.3]
	ssl.endpoint.identification.algorithm = https
	ssl.engine.factory.class = null
	ssl.key.password = null
	ssl.keymanager.algorithm = SunX509
	ssl.keystore.certificate.chain = null
	ssl.keystore.key = null
	ssl.keystore.location = null
	ssl.keystore.password = null
	ssl.keystore.type = JKS
	ssl.protocol = TLSv1.3
	ssl.provider = null
	ssl.secure.random.implementation = null
	ssl.trustmanager.algorithm = PKIX
	ssl.truststore.certificates = null
	ssl.truststore.location = null
	ssl.truststore.password = null
	ssl.truststore.type = JKS

[30m2024-11-26T20:29:39,863[m [32mINFO  [m[[1;34mmain[m] [1;33mAppInfoParser$AppInfo[m: Kafka version: 3.7.0
[30m2024-11-26T20:29:39,863[m [32mINFO  [m[[1;34mmain[m] [1;33mAppInfoParser$AppInfo[m: Kafka commitId: 2ae524ed625438c5
[30m2024-11-26T20:29:39,863[m [32mINFO  [m[[1;34mmain[m] [1;33mAppInfoParser$AppInfo[m: Kafka startTimeMs: 1732642179861
[30m2024-11-26T20:29:40,371[m [32mINFO  [m[[1;34mkafka-admin-client-thread | adminclient-1[m] [1;33mAppInfoParser[m: App info kafka.admin.client for adminclient-1 unregistered
[30m2024-11-26T20:29:40,376[m [32mINFO  [m[[1;34mkafka-admin-client-thread | adminclient-1[m] [1;33mMetrics[m: Metrics scheduler closed
[30m2024-11-26T20:29:40,377[m [32mINFO  [m[[1;34mkafka-admin-client-thread | adminclient-1[m] [1;33mMetrics[m: Closing reporter org.apache.kafka.common.metrics.JmxReporter
[30m2024-11-26T20:29:40,377[m [32mINFO  [m[[1;34mkafka-admin-client-thread | adminclient-1[m] [1;33mMetrics[m: Metrics reporters closed
[30m2024-11-26T20:29:40,382[m [32mINFO  [m[[1;34mmain[m] [1;33mDirectJDKLog[m: Starting ProtocolHandler ["http-nio-8087"]
[30m2024-11-26T20:29:40,396[m [32mINFO  [m[[1;34mmain[m] [1;33mTomcatWebServer[m: Tomcat started on port 8087 (http) with context path '/'
[30m2024-11-26T20:29:40,423[m [32mINFO  [m[[1;34mmain[m] [1;33mAbstractConfig[m: ConsumerConfig values: 
	allow.auto.create.topics = true
	auto.commit.interval.ms = 5000
	auto.include.jmx.reporter = true
	auto.offset.reset = latest
	bootstrap.servers = [localhost:29092]
	check.crcs = true
	client.dns.lookup = use_all_dns_ips
	client.id = consumer-groupId-1
	client.rack = 
	connections.max.idle.ms = 540000
	default.api.timeout.ms = 60000
	enable.auto.commit = false
	enable.metrics.push = true
	exclude.internal.topics = true
	fetch.max.bytes = 52428800
	fetch.max.wait.ms = 500
	fetch.min.bytes = 1
	group.id = groupId
	group.instance.id = null
	group.protocol = classic
	group.remote.assignor = null
	heartbeat.interval.ms = 3000
	interceptor.classes = []
	internal.leave.group.on.close = true
	internal.throw.on.fetch.stable.offset.unsupported = false
	isolation.level = read_uncommitted
	key.deserializer = class org.apache.kafka.common.serialization.StringDeserializer
	max.partition.fetch.bytes = 1048576
	max.poll.interval.ms = 300000
	max.poll.records = 500
	metadata.max.age.ms = 300000
	metric.reporters = []
	metrics.num.samples = 2
	metrics.recording.level = INFO
	metrics.sample.window.ms = 30000
	partition.assignment.strategy = [class org.apache.kafka.clients.consumer.RangeAssignor, class org.apache.kafka.clients.consumer.CooperativeStickyAssignor]
	receive.buffer.bytes = 65536
	reconnect.backoff.max.ms = 1000
	reconnect.backoff.ms = 50
	request.timeout.ms = 30000
	retry.backoff.max.ms = 1000
	retry.backoff.ms = 100
	sasl.client.callback.handler.class = null
	sasl.jaas.config = null
	sasl.kerberos.kinit.cmd = /usr/bin/kinit
	sasl.kerberos.min.time.before.relogin = 60000
	sasl.kerberos.service.name = null
	sasl.kerberos.ticket.renew.jitter = 0.05
	sasl.kerberos.ticket.renew.window.factor = 0.8
	sasl.login.callback.handler.class = null
	sasl.login.class = null
	sasl.login.connect.timeout.ms = null
	sasl.login.read.timeout.ms = null
	sasl.login.refresh.buffer.seconds = 300
	sasl.login.refresh.min.period.seconds = 60
	sasl.login.refresh.window.factor = 0.8
	sasl.login.refresh.window.jitter = 0.05
	sasl.login.retry.backoff.max.ms = 10000
	sasl.login.retry.backoff.ms = 100
	sasl.mechanism = GSSAPI
	sasl.oauthbearer.clock.skew.seconds = 30
	sasl.oauthbearer.expected.audience = null
	sasl.oauthbearer.expected.issuer = null
	sasl.oauthbearer.jwks.endpoint.refresh.ms = 3600000
	sasl.oauthbearer.jwks.endpoint.retry.backoff.max.ms = 10000
	sasl.oauthbearer.jwks.endpoint.retry.backoff.ms = 100
	sasl.oauthbearer.jwks.endpoint.url = null
	sasl.oauthbearer.scope.claim.name = scope
	sasl.oauthbearer.sub.claim.name = sub
	sasl.oauthbearer.token.endpoint.url = null
	security.protocol = PLAINTEXT
	security.providers = null
	send.buffer.bytes = 131072
	session.timeout.ms = 45000
	socket.connection.setup.timeout.max.ms = 30000
	socket.connection.setup.timeout.ms = 10000
	ssl.cipher.suites = null
	ssl.enabled.protocols = [TLSv1.2, TLSv1.3]
	ssl.endpoint.identification.algorithm = https
	ssl.engine.factory.class = null
	ssl.key.password = null
	ssl.keymanager.algorithm = SunX509
	ssl.keystore.certificate.chain = null
	ssl.keystore.key = null
	ssl.keystore.location = null
	ssl.keystore.password = null
	ssl.keystore.type = JKS
	ssl.protocol = TLSv1.3
	ssl.provider = null
	ssl.secure.random.implementation = null
	ssl.trustmanager.algorithm = PKIX
	ssl.truststore.certificates = null
	ssl.truststore.location = null
	ssl.truststore.password = null
	ssl.truststore.type = JKS
	value.deserializer = class org.apache.kafka.common.serialization.StringDeserializer

[30m2024-11-26T20:29:40,488[m [32mINFO  [m[[1;34mmain[m] [1;33mKafkaMetricsCollector$StateLedger[m: initializing Kafka metrics collector
[30m2024-11-26T20:29:40,550[m [32mINFO  [m[[1;34mmain[m] [1;33mAppInfoParser$AppInfo[m: Kafka version: 3.7.0
[30m2024-11-26T20:29:40,550[m [32mINFO  [m[[1;34mmain[m] [1;33mAppInfoParser$AppInfo[m: Kafka commitId: 2ae524ed625438c5
[30m2024-11-26T20:29:40,552[m [32mINFO  [m[[1;34mmain[m] [1;33mAppInfoParser$AppInfo[m: Kafka startTimeMs: 1732642180550
[30m2024-11-26T20:29:40,557[m [32mINFO  [m[[1;34mmain[m] [1;33mLegacyKafkaConsumer[m: [Consumer clientId=consumer-groupId-1, groupId=groupId] Subscribed to topic(s): shamba_lab
[30m2024-11-26T20:29:40,589[m [32mINFO  [m[[1;34morg.springframework.kafka.KafkaListenerEndpointContainer#0-0-C-1[m] [1;33mMetadata[m: [Consumer clientId=consumer-groupId-1, groupId=groupId] Cluster ID: GgASpRyjTxmLr1ii1H-pnw
[30m2024-11-26T20:29:40,591[m [32mINFO  [m[[1;34mmain[m] [1;33mStartupInfoLogger[m: Started LabApplication in 12.396 seconds (process running for 14.094)
[30m2024-11-26T20:29:40,593[m [32mINFO  [m[[1;34morg.springframework.kafka.KafkaListenerEndpointContainer#0-0-C-1[m] [1;33mAbstractCoordinator$FindCoordinatorResponseHandler[m: [Consumer clientId=consumer-groupId-1, groupId=groupId] Discovered group coordinator localhost:29092 (id: 2147483646 rack: null)
[30m2024-11-26T20:29:40,601[m [32mINFO  [m[[1;34morg.springframework.kafka.KafkaListenerEndpointContainer#0-0-C-1[m] [1;33mAbstractCoordinator[m: [Consumer clientId=consumer-groupId-1, groupId=groupId] (Re-)joining group
[30m2024-11-26T20:29:40,619[m [32mINFO  [m[[1;34morg.springframework.kafka.KafkaListenerEndpointContainer#0-0-C-1[m] [1;33mAbstractCoordinator[m: [Consumer clientId=consumer-groupId-1, groupId=groupId] Request joining group due to: need to re-join with the given member-id: consumer-groupId-1-4ea6fa6f-ec4b-4cf9-9d01-8b729f93d468
[30m2024-11-26T20:29:40,620[m [32mINFO  [m[[1;34morg.springframework.kafka.KafkaListenerEndpointContainer#0-0-C-1[m] [1;33mAbstractCoordinator[m: [Consumer clientId=consumer-groupId-1, groupId=groupId] (Re-)joining group
[30m2024-11-26T20:29:43,623[m [32mINFO  [m[[1;34morg.springframework.kafka.KafkaListenerEndpointContainer#0-0-C-1[m] [1;33mAbstractCoordinator$JoinGroupResponseHandler[m: [Consumer clientId=consumer-groupId-1, groupId=groupId] Successfully joined group with generation Generation{generationId=258, memberId='consumer-groupId-1-4ea6fa6f-ec4b-4cf9-9d01-8b729f93d468', protocol='range'}
[30m2024-11-26T20:29:43,628[m [32mINFO  [m[[1;34morg.springframework.kafka.KafkaListenerEndpointContainer#0-0-C-1[m] [1;33mConsumerCoordinator[m: [Consumer clientId=consumer-groupId-1, groupId=groupId] Finished assignment for group at generation 258: {consumer-groupId-1-4ea6fa6f-ec4b-4cf9-9d01-8b729f93d468=Assignment(partitions=[shamba_lab-0])}
[30m2024-11-26T20:29:43,634[m [32mINFO  [m[[1;34morg.springframework.kafka.KafkaListenerEndpointContainer#0-0-C-1[m] [1;33mAbstractCoordinator$SyncGroupResponseHandler[m: [Consumer clientId=consumer-groupId-1, groupId=groupId] Successfully synced group in generation Generation{generationId=258, memberId='consumer-groupId-1-4ea6fa6f-ec4b-4cf9-9d01-8b729f93d468', protocol='range'}
[30m2024-11-26T20:29:43,635[m [32mINFO  [m[[1;34morg.springframework.kafka.KafkaListenerEndpointContainer#0-0-C-1[m] [1;33mConsumerCoordinator[m: [Consumer clientId=consumer-groupId-1, groupId=groupId] Notifying assignor about the new Assignment(partitions=[shamba_lab-0])
[30m2024-11-26T20:29:43,638[m [32mINFO  [m[[1;34morg.springframework.kafka.KafkaListenerEndpointContainer#0-0-C-1[m] [1;33mConsumerRebalanceListenerInvoker[m: [Consumer clientId=consumer-groupId-1, groupId=groupId] Adding newly assigned partitions: shamba_lab-0
[30m2024-11-26T20:29:43,650[m [32mINFO  [m[[1;34morg.springframework.kafka.KafkaListenerEndpointContainer#0-0-C-1[m] [1;33mConsumerUtils[m: Setting offset for partition shamba_lab-0 to the committed offset FetchPosition{offset=131, offsetEpoch=Optional.empty, currentLeader=LeaderAndEpoch{leader=Optional[localhost:29092 (id: 1 rack: null)], epoch=0}}
[30m2024-11-26T20:29:43,652[m [32mINFO  [m[[1;34morg.springframework.kafka.KafkaListenerEndpointContainer#0-0-C-1[m] [1;33mLogAccessor[m: groupId: partitions assigned: [shamba_lab-0]
[30m2024-11-26T20:29:58,197[m [32mINFO  [m[[1;34mhttp-nio-8087-exec-1[m] [1;33mDirectJDKLog[m: Initializing Spring DispatcherServlet 'dispatcherServlet'
[30m2024-11-26T20:29:58,197[m [32mINFO  [m[[1;34mhttp-nio-8087-exec-1[m] [1;33mFrameworkServlet[m: Initializing Servlet 'dispatcherServlet'
[30m2024-11-26T20:29:58,201[m [32mINFO  [m[[1;34mhttp-nio-8087-exec-1[m] [1;33mFrameworkServlet[m: Completed initialization in 3 ms
[30m2024-11-26T20:29:58,417[m [32mINFO  [m[[1;34mhttp-nio-8087-exec-3[m] [1;33mControllerLoggerAspect[m: Request Path: /api/soil/latest with HTTP method GET
[30m2024-11-26T20:29:58,418[m [32mINFO  [m[[1;34mhttp-nio-8087-exec-5[m] [1;33mControllerLoggerAspect[m: Request Path: /api/air/latest with HTTP method GET
[30m2024-11-26T20:29:58,421[m [32mINFO  [m[[1;34mhttp-nio-8087-exec-2[m] [1;33mControllerLoggerAspect[m: Request Path: /api/analytics/air with HTTP method GET
[30m2024-11-26T20:29:58,421[m [32mINFO  [m[[1;34mhttp-nio-8087-exec-4[m] [1;33mControllerLoggerAspect[m: Request Path: /api/analytics/soil with HTTP method GET
[30m2024-11-26T20:29:58,422[m [32mINFO  [m[[1;34mhttp-nio-8087-exec-3[m] [1;33mControllerLoggerAspect[m:   Shamaba_HEADERS   connection -- Upgrade  x-real-ip -- 127.0.0.1  x-forwarded-for -- 127.0.0.1  x-forwarded-proto -- http  x-forwarded-host -- shambalab.me.com  host -- shambalab.me.com  x-requested-host -- http://shambalab.me.com/api/soil/latest  user-agent -- Mozilla/5.0 (X11; Linux x86_64) AppleWebKit/537.36 (KHTML, like Gecko) Chrome/129.0.0.0 Safari/537.36  accept -- application/json, text/plain, */*  authorization -- Bearer eyJhbGciOiJIUzI1NiJ9.eyJzdWIiOiJsZW5ueXFAd2F0dC5jb20iLCJpYXQiOjE3MzI2Mjk5MDUsImV4cCI6MTczMjY0NDMwNX0.e2upXTo2dV3yCD94H8zklTQCSQaFT7H9V4I5n_bPpbQ  referer -- http://shambalab.me.com/charts?farm_id=c0168697-3a89-42f7-8f94-e04f1c00c059  accept-encoding -- gzip, deflate  accept-language -- en-US,en;q=0.9
[30m2024-11-26T20:29:58,423[m [32mINFO  [m[[1;34mhttp-nio-8087-exec-3[m] [1;33mControllerLoggerAspect[m: Correlation ID: Not provided
[30m2024-11-26T20:29:58,422[m [32mINFO  [m[[1;34mhttp-nio-8087-exec-4[m] [1;33mControllerLoggerAspect[m:   Shamaba_HEADERS   connection -- Upgrade  x-real-ip -- 127.0.0.1  x-forwarded-for -- 127.0.0.1  x-forwarded-proto -- http  x-forwarded-host -- shambalab.me.com  host -- shambalab.me.com  x-requested-host -- http://shambalab.me.com/api/analytics/soil?size=5&farm_id=c0168697-3a89-42f7-8f94-e04f1c00c059  user-agent -- Mozilla/5.0 (X11; Linux x86_64) AppleWebKit/537.36 (KHTML, like Gecko) Chrome/129.0.0.0 Safari/537.36  accept -- application/json, text/plain, */*  authorization -- Bearer eyJhbGciOiJIUzI1NiJ9.eyJzdWIiOiJsZW5ueXFAd2F0dC5jb20iLCJpYXQiOjE3MzI2Mjk5MDUsImV4cCI6MTczMjY0NDMwNX0.e2upXTo2dV3yCD94H8zklTQCSQaFT7H9V4I5n_bPpbQ  referer -- http://shambalab.me.com/charts?farm_id=c0168697-3a89-42f7-8f94-e04f1c00c059  accept-encoding -- gzip, deflate  accept-language -- en-US,en;q=0.9
[30m2024-11-26T20:29:58,423[m [32mINFO  [m[[1;34mhttp-nio-8087-exec-4[m] [1;33mControllerLoggerAspect[m: Correlation ID: Not provided
[30m2024-11-26T20:29:58,422[m [32mINFO  [m[[1;34mhttp-nio-8087-exec-5[m] [1;33mControllerLoggerAspect[m:   Shamaba_HEADERS   connection -- Upgrade  x-real-ip -- 127.0.0.1  x-forwarded-for -- 127.0.0.1  x-forwarded-proto -- http  x-forwarded-host -- shambalab.me.com  host -- shambalab.me.com  x-requested-host -- http://shambalab.me.com/api/air/latest  user-agent -- Mozilla/5.0 (X11; Linux x86_64) AppleWebKit/537.36 (KHTML, like Gecko) Chrome/129.0.0.0 Safari/537.36  accept -- application/json, text/plain, */*  authorization -- Bearer eyJhbGciOiJIUzI1NiJ9.eyJzdWIiOiJsZW5ueXFAd2F0dC5jb20iLCJpYXQiOjE3MzI2Mjk5MDUsImV4cCI6MTczMjY0NDMwNX0.e2upXTo2dV3yCD94H8zklTQCSQaFT7H9V4I5n_bPpbQ  referer -- http://shambalab.me.com/charts?farm_id=c0168697-3a89-42f7-8f94-e04f1c00c059  accept-encoding -- gzip, deflate  accept-language -- en-US,en;q=0.9
[30m2024-11-26T20:29:58,423[m [32mINFO  [m[[1;34mhttp-nio-8087-exec-3[m] [1;33mSoilController[m: start get latest soil data.
[30m2024-11-26T20:29:58,424[m [32mINFO  [m[[1;34mhttp-nio-8087-exec-5[m] [1;33mControllerLoggerAspect[m: Correlation ID: Not provided
[30m2024-11-26T20:29:58,424[m [32mINFO  [m[[1;34mhttp-nio-8087-exec-5[m] [1;33mServiceLoggerAspect[m: Enter getLatestAirByDeviceID() method with params [null]
[30m2024-11-26T20:29:58,424[m [32mINFO  [m[[1;34mhttp-nio-8087-exec-3[m] [1;33mServiceLoggerAspect[m: Enter getLatestSoilByDeviceID() method with params [null]
[30m2024-11-26T20:29:58,425[m [32mINFO  [m[[1;34mhttp-nio-8087-exec-2[m] [1;33mControllerLoggerAspect[m:   Shamaba_HEADERS   connection -- Upgrade  x-real-ip -- 127.0.0.1  x-forwarded-for -- 127.0.0.1  x-forwarded-proto -- http  x-forwarded-host -- shambalab.me.com  host -- shambalab.me.com  x-requested-host -- http://shambalab.me.com/api/analytics/air?size=5&farm_id=c0168697-3a89-42f7-8f94-e04f1c00c059  user-agent -- Mozilla/5.0 (X11; Linux x86_64) AppleWebKit/537.36 (KHTML, like Gecko) Chrome/129.0.0.0 Safari/537.36  accept -- application/json, text/plain, */*  authorization -- Bearer eyJhbGciOiJIUzI1NiJ9.eyJzdWIiOiJsZW5ueXFAd2F0dC5jb20iLCJpYXQiOjE3MzI2Mjk5MDUsImV4cCI6MTczMjY0NDMwNX0.e2upXTo2dV3yCD94H8zklTQCSQaFT7H9V4I5n_bPpbQ  referer -- http://shambalab.me.com/charts?farm_id=c0168697-3a89-42f7-8f94-e04f1c00c059  accept-encoding -- gzip, deflate  accept-language -- en-US,en;q=0.9
[30m2024-11-26T20:29:58,425[m [32mINFO  [m[[1;34mhttp-nio-8087-exec-2[m] [1;33mControllerLoggerAspect[m: Correlation ID: Not provided
[30m2024-11-26T20:29:58,425[m [32mINFO  [m[[1;34mhttp-nio-8087-exec-4[m] [1;33mServiceLoggerAspect[m: Enter getSoilAnalytics() method with params [c0168697-3a89-42f7-8f94-e04f1c00c059, 5, null, null]
[30m2024-11-26T20:29:58,426[m [32mINFO  [m[[1;34mhttp-nio-8087-exec-2[m] [1;33mServiceLoggerAspect[m: Enter getAirAnalytics() method with params [c0168697-3a89-42f7-8f94-e04f1c00c059, 5, null, null]
[30m2024-11-26T20:29:58,448[m [32mINFO  [m[[1;34mhttp-nio-8087-exec-2[m] [1;33mServiceLoggerAspect[m: Completed getAirAnalytics() method with return value of  com.chemi.lab.analytics.AirAnalytics@35949d03
[30m2024-11-26T20:29:58,451[m [32mINFO  [m[[1;34mhttp-nio-8087-exec-4[m] [1;33mServiceLoggerAspect[m: Completed getSoilAnalytics() method with return value of  SoilAnalytics(nitrogen=Charts(name=null, reading_date=null, data=[]), potassium=Charts(name=null, reading_date=null, data=[]), phosphorus=Charts(name=null, reading_date=null, data=[]), conductivity=Charts(name=null, reading_date=null, data=[]), moisture=Charts(name=null, reading_date=null, data=[]), temperature=Charts(name=null, reading_date=null, data=[]), pH=Charts(name=null, reading_date=null, data=[]), categories=[], crops=[])
[30m2024-11-26T20:38:40,637[m [32mINFO  [m[[1;34morg.springframework.kafka.KafkaListenerEndpointContainer#0-0-C-1[m] [1;33mNetworkClient[m: [Consumer clientId=consumer-groupId-1, groupId=groupId] Node -1 disconnected.
[30m2024-11-26T20:42:58,915[m [32mINFO  [m[[1;34mhttp-nio-8087-exec-8[m] [1;33mControllerLoggerAspect[m: Request Path: /api/analytics/soil with HTTP method GET
[30m2024-11-26T20:42:58,916[m [32mINFO  [m[[1;34mhttp-nio-8087-exec-8[m] [1;33mControllerLoggerAspect[m:   Shamaba_HEADERS   connection -- Upgrade  x-real-ip -- 127.0.0.1  x-forwarded-for -- 127.0.0.1  x-forwarded-proto -- http  x-forwarded-host -- shambalab.me.com  host -- shambalab.me.com  x-requested-host -- http://shambalab.me.com/api/analytics/soil?size=5&farm_id=c0168697-3a89-42f7-8f94-e04f1c00c059  user-agent -- Mozilla/5.0 (X11; Linux x86_64) AppleWebKit/537.36 (KHTML, like Gecko) Chrome/129.0.0.0 Safari/537.36  accept -- application/json, text/plain, */*  authorization -- Bearer eyJhbGciOiJIUzI1NiJ9.eyJzdWIiOiJsZW5ueXFAd2F0dC5jb20iLCJpYXQiOjE3MzI2Mjk5MDUsImV4cCI6MTczMjY0NDMwNX0.e2upXTo2dV3yCD94H8zklTQCSQaFT7H9V4I5n_bPpbQ  referer -- http://shambalab.me.com/charts?farm_id=c0168697-3a89-42f7-8f94-e04f1c00c059  accept-encoding -- gzip, deflate  accept-language -- en-US,en;q=0.9
[30m2024-11-26T20:42:58,917[m [32mINFO  [m[[1;34mhttp-nio-8087-exec-8[m] [1;33mControllerLoggerAspect[m: Correlation ID: Not provided
[30m2024-11-26T20:42:58,917[m [32mINFO  [m[[1;34mhttp-nio-8087-exec-8[m] [1;33mServiceLoggerAspect[m: Enter getSoilAnalytics() method with params [c0168697-3a89-42f7-8f94-e04f1c00c059, 5, null, null]
[30m2024-11-26T20:42:58,919[m [32mINFO  [m[[1;34mhttp-nio-8087-exec-10[m] [1;33mControllerLoggerAspect[m: Request Path: /api/soil/latest with HTTP method GET
[30m2024-11-26T20:42:58,920[m [32mINFO  [m[[1;34mhttp-nio-8087-exec-4[m] [1;33mControllerLoggerAspect[m: Request Path: /api/air/latest with HTTP method GET
[30m2024-11-26T20:42:58,920[m [32mINFO  [m[[1;34mhttp-nio-8087-exec-10[m] [1;33mControllerLoggerAspect[m:   Shamaba_HEADERS   connection -- Upgrade  x-real-ip -- 127.0.0.1  x-forwarded-for -- 127.0.0.1  x-forwarded-proto -- http  x-forwarded-host -- shambalab.me.com  host -- shambalab.me.com  x-requested-host -- http://shambalab.me.com/api/soil/latest  user-agent -- Mozilla/5.0 (X11; Linux x86_64) AppleWebKit/537.36 (KHTML, like Gecko) Chrome/129.0.0.0 Safari/537.36  accept -- application/json, text/plain, */*  authorization -- Bearer eyJhbGciOiJIUzI1NiJ9.eyJzdWIiOiJsZW5ueXFAd2F0dC5jb20iLCJpYXQiOjE3MzI2Mjk5MDUsImV4cCI6MTczMjY0NDMwNX0.e2upXTo2dV3yCD94H8zklTQCSQaFT7H9V4I5n_bPpbQ  referer -- http://shambalab.me.com/charts?farm_id=c0168697-3a89-42f7-8f94-e04f1c00c059  accept-encoding -- gzip, deflate  accept-language -- en-US,en;q=0.9
[30m2024-11-26T20:42:58,920[m [32mINFO  [m[[1;34mhttp-nio-8087-exec-9[m] [1;33mControllerLoggerAspect[m: Request Path: /api/analytics/air with HTTP method GET
[30m2024-11-26T20:42:58,920[m [32mINFO  [m[[1;34mhttp-nio-8087-exec-10[m] [1;33mControllerLoggerAspect[m: Correlation ID: Not provided
[30m2024-11-26T20:42:58,921[m [32mINFO  [m[[1;34mhttp-nio-8087-exec-10[m] [1;33mSoilController[m: start get latest soil data.
[30m2024-11-26T20:42:58,921[m [32mINFO  [m[[1;34mhttp-nio-8087-exec-9[m] [1;33mControllerLoggerAspect[m:   Shamaba_HEADERS   connection -- Upgrade  x-real-ip -- 127.0.0.1  x-forwarded-for -- 127.0.0.1  x-forwarded-proto -- http  x-forwarded-host -- shambalab.me.com  host -- shambalab.me.com  x-requested-host -- http://shambalab.me.com/api/analytics/air?size=5&farm_id=c0168697-3a89-42f7-8f94-e04f1c00c059  user-agent -- Mozilla/5.0 (X11; Linux x86_64) AppleWebKit/537.36 (KHTML, like Gecko) Chrome/129.0.0.0 Safari/537.36  accept -- application/json, text/plain, */*  authorization -- Bearer eyJhbGciOiJIUzI1NiJ9.eyJzdWIiOiJsZW5ueXFAd2F0dC5jb20iLCJpYXQiOjE3MzI2Mjk5MDUsImV4cCI6MTczMjY0NDMwNX0.e2upXTo2dV3yCD94H8zklTQCSQaFT7H9V4I5n_bPpbQ  referer -- http://shambalab.me.com/charts?farm_id=c0168697-3a89-42f7-8f94-e04f1c00c059  accept-encoding -- gzip, deflate  accept-language -- en-US,en;q=0.9
[30m2024-11-26T20:42:58,921[m [32mINFO  [m[[1;34mhttp-nio-8087-exec-10[m] [1;33mServiceLoggerAspect[m: Enter getLatestSoilByDeviceID() method with params [null]
[30m2024-11-26T20:42:58,921[m [32mINFO  [m[[1;34mhttp-nio-8087-exec-4[m] [1;33mControllerLoggerAspect[m:   Shamaba_HEADERS   connection -- Upgrade  x-real-ip -- 127.0.0.1  x-forwarded-for -- 127.0.0.1  x-forwarded-proto -- http  x-forwarded-host -- shambalab.me.com  host -- shambalab.me.com  x-requested-host -- http://shambalab.me.com/api/air/latest  user-agent -- Mozilla/5.0 (X11; Linux x86_64) AppleWebKit/537.36 (KHTML, like Gecko) Chrome/129.0.0.0 Safari/537.36  accept -- application/json, text/plain, */*  authorization -- Bearer eyJhbGciOiJIUzI1NiJ9.eyJzdWIiOiJsZW5ueXFAd2F0dC5jb20iLCJpYXQiOjE3MzI2Mjk5MDUsImV4cCI6MTczMjY0NDMwNX0.e2upXTo2dV3yCD94H8zklTQCSQaFT7H9V4I5n_bPpbQ  referer -- http://shambalab.me.com/charts?farm_id=c0168697-3a89-42f7-8f94-e04f1c00c059  accept-encoding -- gzip, deflate  accept-language -- en-US,en;q=0.9
[30m2024-11-26T20:42:58,921[m [32mINFO  [m[[1;34mhttp-nio-8087-exec-9[m] [1;33mControllerLoggerAspect[m: Correlation ID: Not provided
[30m2024-11-26T20:42:58,921[m [32mINFO  [m[[1;34mhttp-nio-8087-exec-4[m] [1;33mControllerLoggerAspect[m: Correlation ID: Not provided
[30m2024-11-26T20:42:58,921[m [32mINFO  [m[[1;34mhttp-nio-8087-exec-9[m] [1;33mServiceLoggerAspect[m: Enter getAirAnalytics() method with params [c0168697-3a89-42f7-8f94-e04f1c00c059, 5, null, null]
[30m2024-11-26T20:42:58,922[m [32mINFO  [m[[1;34mhttp-nio-8087-exec-4[m] [1;33mServiceLoggerAspect[m: Enter getLatestAirByDeviceID() method with params [null]
[30m2024-11-26T20:42:58,922[m [32mINFO  [m[[1;34mhttp-nio-8087-exec-8[m] [1;33mServiceLoggerAspect[m: Completed getSoilAnalytics() method with return value of  SoilAnalytics(nitrogen=Charts(name=null, reading_date=null, data=[]), potassium=Charts(name=null, reading_date=null, data=[]), phosphorus=Charts(name=null, reading_date=null, data=[]), conductivity=Charts(name=null, reading_date=null, data=[]), moisture=Charts(name=null, reading_date=null, data=[]), temperature=Charts(name=null, reading_date=null, data=[]), pH=Charts(name=null, reading_date=null, data=[]), categories=[], crops=[])
[30m2024-11-26T20:42:58,927[m [32mINFO  [m[[1;34mhttp-nio-8087-exec-9[m] [1;33mServiceLoggerAspect[m: Completed getAirAnalytics() method with return value of  com.chemi.lab.analytics.AirAnalytics@12d61929
[30m2024-11-26T20:45:59,772[m [32mINFO  [m[[1;34mhttp-nio-8087-exec-6[m] [1;33mControllerLoggerAspect[m: Request Path: /api/soil/latest with HTTP method GET
[30m2024-11-26T20:45:59,773[m [32mINFO  [m[[1;34mhttp-nio-8087-exec-6[m] [1;33mControllerLoggerAspect[m:   Shamaba_HEADERS   connection -- Upgrade  x-real-ip -- 127.0.0.1  x-forwarded-for -- 127.0.0.1  x-forwarded-proto -- http  x-forwarded-host -- shambalab.me.com  host -- shambalab.me.com  x-requested-host -- http://shambalab.me.com/api/soil/latest  user-agent -- Mozilla/5.0 (X11; Linux x86_64) AppleWebKit/537.36 (KHTML, like Gecko) Chrome/129.0.0.0 Safari/537.36  accept -- application/json, text/plain, */*  authorization -- Bearer eyJhbGciOiJIUzI1NiJ9.eyJzdWIiOiJsZW5ueXFAd2F0dC5jb20iLCJpYXQiOjE3MzI2Mjk5MDUsImV4cCI6MTczMjY0NDMwNX0.e2upXTo2dV3yCD94H8zklTQCSQaFT7H9V4I5n_bPpbQ  referer -- http://shambalab.me.com/charts?farm_id=c0168697-3a89-42f7-8f94-e04f1c00c059  accept-encoding -- gzip, deflate  accept-language -- en-US,en;q=0.9
[30m2024-11-26T20:45:59,773[m [32mINFO  [m[[1;34mhttp-nio-8087-exec-6[m] [1;33mControllerLoggerAspect[m: Correlation ID: Not provided
[30m2024-11-26T20:45:59,773[m [32mINFO  [m[[1;34mhttp-nio-8087-exec-6[m] [1;33mSoilController[m: start get latest soil data.
[30m2024-11-26T20:45:59,773[m [32mINFO  [m[[1;34mhttp-nio-8087-exec-6[m] [1;33mServiceLoggerAspect[m: Enter getLatestSoilByDeviceID() method with params [null]
[30m2024-11-26T20:45:59,779[m [32mINFO  [m[[1;34mhttp-nio-8087-exec-1[m] [1;33mControllerLoggerAspect[m: Request Path: /api/air/latest with HTTP method GET
[30m2024-11-26T20:45:59,785[m [32mINFO  [m[[1;34mhttp-nio-8087-exec-1[m] [1;33mControllerLoggerAspect[m:   Shamaba_HEADERS   connection -- Upgrade  x-real-ip -- 127.0.0.1  x-forwarded-for -- 127.0.0.1  x-forwarded-proto -- http  x-forwarded-host -- shambalab.me.com  host -- shambalab.me.com  x-requested-host -- http://shambalab.me.com/api/air/latest  user-agent -- Mozilla/5.0 (X11; Linux x86_64) AppleWebKit/537.36 (KHTML, like Gecko) Chrome/129.0.0.0 Safari/537.36  accept -- application/json, text/plain, */*  authorization -- Bearer eyJhbGciOiJIUzI1NiJ9.eyJzdWIiOiJsZW5ueXFAd2F0dC5jb20iLCJpYXQiOjE3MzI2Mjk5MDUsImV4cCI6MTczMjY0NDMwNX0.e2upXTo2dV3yCD94H8zklTQCSQaFT7H9V4I5n_bPpbQ  referer -- http://shambalab.me.com/charts?farm_id=c0168697-3a89-42f7-8f94-e04f1c00c059  accept-encoding -- gzip, deflate  accept-language -- en-US,en;q=0.9
[30m2024-11-26T20:45:59,786[m [32mINFO  [m[[1;34mhttp-nio-8087-exec-1[m] [1;33mControllerLoggerAspect[m: Correlation ID: Not provided
[30m2024-11-26T20:45:59,786[m [32mINFO  [m[[1;34mhttp-nio-8087-exec-1[m] [1;33mServiceLoggerAspect[m: Enter getLatestAirByDeviceID() method with params [null]
[30m2024-11-26T20:45:59,780[m [32mINFO  [m[[1;34mhttp-nio-8087-exec-5[m] [1;33mControllerLoggerAspect[m: Request Path: /api/analytics/soil with HTTP method GET
[30m2024-11-26T20:45:59,792[m [32mINFO  [m[[1;34mhttp-nio-8087-exec-5[m] [1;33mControllerLoggerAspect[m:   Shamaba_HEADERS   connection -- Upgrade  x-real-ip -- 127.0.0.1  x-forwarded-for -- 127.0.0.1  x-forwarded-proto -- http  x-forwarded-host -- shambalab.me.com  host -- shambalab.me.com  x-requested-host -- http://shambalab.me.com/api/analytics/soil?size=5&farm_id=c0168697-3a89-42f7-8f94-e04f1c00c059  user-agent -- Mozilla/5.0 (X11; Linux x86_64) AppleWebKit/537.36 (KHTML, like Gecko) Chrome/129.0.0.0 Safari/537.36  accept -- application/json, text/plain, */*  authorization -- Bearer eyJhbGciOiJIUzI1NiJ9.eyJzdWIiOiJsZW5ueXFAd2F0dC5jb20iLCJpYXQiOjE3MzI2Mjk5MDUsImV4cCI6MTczMjY0NDMwNX0.e2upXTo2dV3yCD94H8zklTQCSQaFT7H9V4I5n_bPpbQ  referer -- http://shambalab.me.com/charts?farm_id=c0168697-3a89-42f7-8f94-e04f1c00c059  accept-encoding -- gzip, deflate  accept-language -- en-US,en;q=0.9
[30m2024-11-26T20:45:59,793[m [32mINFO  [m[[1;34mhttp-nio-8087-exec-5[m] [1;33mControllerLoggerAspect[m: Correlation ID: Not provided
[30m2024-11-26T20:45:59,793[m [32mINFO  [m[[1;34mhttp-nio-8087-exec-5[m] [1;33mServiceLoggerAspect[m: Enter getSoilAnalytics() method with params [c0168697-3a89-42f7-8f94-e04f1c00c059, 5, null, null]
[30m2024-11-26T20:45:59,783[m [32mINFO  [m[[1;34mhttp-nio-8087-exec-3[m] [1;33mControllerLoggerAspect[m: Request Path: /api/analytics/air with HTTP method GET
[30m2024-11-26T20:45:59,796[m [32mINFO  [m[[1;34mhttp-nio-8087-exec-3[m] [1;33mControllerLoggerAspect[m:   Shamaba_HEADERS   connection -- Upgrade  x-real-ip -- 127.0.0.1  x-forwarded-for -- 127.0.0.1  x-forwarded-proto -- http  x-forwarded-host -- shambalab.me.com  host -- shambalab.me.com  x-requested-host -- http://shambalab.me.com/api/analytics/air?size=5&farm_id=c0168697-3a89-42f7-8f94-e04f1c00c059  user-agent -- Mozilla/5.0 (X11; Linux x86_64) AppleWebKit/537.36 (KHTML, like Gecko) Chrome/129.0.0.0 Safari/537.36  accept -- application/json, text/plain, */*  authorization -- Bearer eyJhbGciOiJIUzI1NiJ9.eyJzdWIiOiJsZW5ueXFAd2F0dC5jb20iLCJpYXQiOjE3MzI2Mjk5MDUsImV4cCI6MTczMjY0NDMwNX0.e2upXTo2dV3yCD94H8zklTQCSQaFT7H9V4I5n_bPpbQ  referer -- http://shambalab.me.com/charts?farm_id=c0168697-3a89-42f7-8f94-e04f1c00c059  accept-encoding -- gzip, deflate  accept-language -- en-US,en;q=0.9
[30m2024-11-26T20:45:59,798[m [32mINFO  [m[[1;34mhttp-nio-8087-exec-3[m] [1;33mControllerLoggerAspect[m: Correlation ID: Not provided
[30m2024-11-26T20:45:59,799[m [32mINFO  [m[[1;34mhttp-nio-8087-exec-3[m] [1;33mServiceLoggerAspect[m: Enter getAirAnalytics() method with params [c0168697-3a89-42f7-8f94-e04f1c00c059, 5, null, null]
[30m2024-11-26T20:45:59,807[m [32mINFO  [m[[1;34mhttp-nio-8087-exec-5[m] [1;33mServiceLoggerAspect[m: Completed getSoilAnalytics() method with return value of  SoilAnalytics(nitrogen=Charts(name=null, reading_date=null, data=[]), potassium=Charts(name=null, reading_date=null, data=[]), phosphorus=Charts(name=null, reading_date=null, data=[]), conductivity=Charts(name=null, reading_date=null, data=[]), moisture=Charts(name=null, reading_date=null, data=[]), temperature=Charts(name=null, reading_date=null, data=[]), pH=Charts(name=null, reading_date=null, data=[]), categories=[], crops=[])
[30m2024-11-26T20:45:59,809[m [32mINFO  [m[[1;34mhttp-nio-8087-exec-3[m] [1;33mServiceLoggerAspect[m: Completed getAirAnalytics() method with return value of  com.chemi.lab.analytics.AirAnalytics@2747eca6
[30m2024-11-26T20:49:00,732[m [32mINFO  [m[[1;34mhttp-nio-8087-exec-9[m] [1;33mControllerLoggerAspect[m: Request Path: /api/analytics/air with HTTP method GET
[30m2024-11-26T20:49:00,738[m [32mINFO  [m[[1;34mhttp-nio-8087-exec-9[m] [1;33mControllerLoggerAspect[m:   Shamaba_HEADERS   connection -- Upgrade  x-real-ip -- 127.0.0.1  x-forwarded-for -- 127.0.0.1  x-forwarded-proto -- http  x-forwarded-host -- shambalab.me.com  host -- shambalab.me.com  x-requested-host -- http://shambalab.me.com/api/analytics/air?size=5&farm_id=c0168697-3a89-42f7-8f94-e04f1c00c059  user-agent -- Mozilla/5.0 (X11; Linux x86_64) AppleWebKit/537.36 (KHTML, like Gecko) Chrome/129.0.0.0 Safari/537.36  accept -- application/json, text/plain, */*  authorization -- Bearer eyJhbGciOiJIUzI1NiJ9.eyJzdWIiOiJsZW5ueXFAd2F0dC5jb20iLCJpYXQiOjE3MzI2Mjk5MDUsImV4cCI6MTczMjY0NDMwNX0.e2upXTo2dV3yCD94H8zklTQCSQaFT7H9V4I5n_bPpbQ  referer -- http://shambalab.me.com/charts?farm_id=c0168697-3a89-42f7-8f94-e04f1c00c059  accept-encoding -- gzip, deflate  accept-language -- en-US,en;q=0.9
[30m2024-11-26T20:49:00,741[m [32mINFO  [m[[1;34mhttp-nio-8087-exec-9[m] [1;33mControllerLoggerAspect[m: Correlation ID: Not provided
[30m2024-11-26T20:49:00,743[m [32mINFO  [m[[1;34mhttp-nio-8087-exec-9[m] [1;33mServiceLoggerAspect[m: Enter getAirAnalytics() method with params [c0168697-3a89-42f7-8f94-e04f1c00c059, 5, null, null]
[30m2024-11-26T20:49:00,749[m [32mINFO  [m[[1;34mhttp-nio-8087-exec-10[m] [1;33mControllerLoggerAspect[m: Request Path: /api/soil/latest with HTTP method GET
[30m2024-11-26T20:49:00,750[m [32mINFO  [m[[1;34mhttp-nio-8087-exec-10[m] [1;33mControllerLoggerAspect[m:   Shamaba_HEADERS   connection -- Upgrade  x-real-ip -- 127.0.0.1  x-forwarded-for -- 127.0.0.1  x-forwarded-proto -- http  x-forwarded-host -- shambalab.me.com  host -- shambalab.me.com  x-requested-host -- http://shambalab.me.com/api/soil/latest  user-agent -- Mozilla/5.0 (X11; Linux x86_64) AppleWebKit/537.36 (KHTML, like Gecko) Chrome/129.0.0.0 Safari/537.36  accept -- application/json, text/plain, */*  authorization -- Bearer eyJhbGciOiJIUzI1NiJ9.eyJzdWIiOiJsZW5ueXFAd2F0dC5jb20iLCJpYXQiOjE3MzI2Mjk5MDUsImV4cCI6MTczMjY0NDMwNX0.e2upXTo2dV3yCD94H8zklTQCSQaFT7H9V4I5n_bPpbQ  referer -- http://shambalab.me.com/charts?farm_id=c0168697-3a89-42f7-8f94-e04f1c00c059  accept-encoding -- gzip, deflate  accept-language -- en-US,en;q=0.9
[30m2024-11-26T20:49:00,750[m [32mINFO  [m[[1;34mhttp-nio-8087-exec-10[m] [1;33mControllerLoggerAspect[m: Correlation ID: Not provided
[30m2024-11-26T20:49:00,751[m [32mINFO  [m[[1;34mhttp-nio-8087-exec-10[m] [1;33mSoilController[m: start get latest soil data.
[30m2024-11-26T20:49:00,751[m [32mINFO  [m[[1;34mhttp-nio-8087-exec-10[m] [1;33mServiceLoggerAspect[m: Enter getLatestSoilByDeviceID() method with params [null]
[30m2024-11-26T20:49:00,755[m [32mINFO  [m[[1;34mhttp-nio-8087-exec-4[m] [1;33mControllerLoggerAspect[m: Request Path: /api/air/latest with HTTP method GET
[30m2024-11-26T20:49:00,757[m [32mINFO  [m[[1;34mhttp-nio-8087-exec-4[m] [1;33mControllerLoggerAspect[m:   Shamaba_HEADERS   connection -- Upgrade  x-real-ip -- 127.0.0.1  x-forwarded-for -- 127.0.0.1  x-forwarded-proto -- http  x-forwarded-host -- shambalab.me.com  host -- shambalab.me.com  x-requested-host -- http://shambalab.me.com/api/air/latest  user-agent -- Mozilla/5.0 (X11; Linux x86_64) AppleWebKit/537.36 (KHTML, like Gecko) Chrome/129.0.0.0 Safari/537.36  accept -- application/json, text/plain, */*  authorization -- Bearer eyJhbGciOiJIUzI1NiJ9.eyJzdWIiOiJsZW5ueXFAd2F0dC5jb20iLCJpYXQiOjE3MzI2Mjk5MDUsImV4cCI6MTczMjY0NDMwNX0.e2upXTo2dV3yCD94H8zklTQCSQaFT7H9V4I5n_bPpbQ  referer -- http://shambalab.me.com/charts?farm_id=c0168697-3a89-42f7-8f94-e04f1c00c059  accept-encoding -- gzip, deflate  accept-language -- en-US,en;q=0.9
[30m2024-11-26T20:49:00,757[m [32mINFO  [m[[1;34mhttp-nio-8087-exec-9[m] [1;33mServiceLoggerAspect[m: Completed getAirAnalytics() method with return value of  com.chemi.lab.analytics.AirAnalytics@6cb2dc4c
[30m2024-11-26T20:49:00,759[m [32mINFO  [m[[1;34mhttp-nio-8087-exec-8[m] [1;33mControllerLoggerAspect[m: Request Path: /api/analytics/soil with HTTP method GET
[30m2024-11-26T20:49:00,759[m [32mINFO  [m[[1;34mhttp-nio-8087-exec-4[m] [1;33mControllerLoggerAspect[m: Correlation ID: Not provided
[30m2024-11-26T20:49:00,764[m [32mINFO  [m[[1;34mhttp-nio-8087-exec-4[m] [1;33mServiceLoggerAspect[m: Enter getLatestAirByDeviceID() method with params [null]
[30m2024-11-26T20:49:00,767[m [32mINFO  [m[[1;34mhttp-nio-8087-exec-8[m] [1;33mControllerLoggerAspect[m:   Shamaba_HEADERS   connection -- Upgrade  x-real-ip -- 127.0.0.1  x-forwarded-for -- 127.0.0.1  x-forwarded-proto -- http  x-forwarded-host -- shambalab.me.com  host -- shambalab.me.com  x-requested-host -- http://shambalab.me.com/api/analytics/soil?size=5&farm_id=c0168697-3a89-42f7-8f94-e04f1c00c059  user-agent -- Mozilla/5.0 (X11; Linux x86_64) AppleWebKit/537.36 (KHTML, like Gecko) Chrome/129.0.0.0 Safari/537.36  accept -- application/json, text/plain, */*  authorization -- Bearer eyJhbGciOiJIUzI1NiJ9.eyJzdWIiOiJsZW5ueXFAd2F0dC5jb20iLCJpYXQiOjE3MzI2Mjk5MDUsImV4cCI6MTczMjY0NDMwNX0.e2upXTo2dV3yCD94H8zklTQCSQaFT7H9V4I5n_bPpbQ  referer -- http://shambalab.me.com/charts?farm_id=c0168697-3a89-42f7-8f94-e04f1c00c059  accept-encoding -- gzip, deflate  accept-language -- en-US,en;q=0.9
[30m2024-11-26T20:49:00,769[m [32mINFO  [m[[1;34mhttp-nio-8087-exec-8[m] [1;33mControllerLoggerAspect[m: Correlation ID: Not provided
[30m2024-11-26T20:49:00,770[m [32mINFO  [m[[1;34mhttp-nio-8087-exec-8[m] [1;33mServiceLoggerAspect[m: Enter getSoilAnalytics() method with params [c0168697-3a89-42f7-8f94-e04f1c00c059, 5, null, null]
[30m2024-11-26T20:49:00,781[m [32mINFO  [m[[1;34mhttp-nio-8087-exec-8[m] [1;33mServiceLoggerAspect[m: Completed getSoilAnalytics() method with return value of  SoilAnalytics(nitrogen=Charts(name=null, reading_date=null, data=[]), potassium=Charts(name=null, reading_date=null, data=[]), phosphorus=Charts(name=null, reading_date=null, data=[]), conductivity=Charts(name=null, reading_date=null, data=[]), moisture=Charts(name=null, reading_date=null, data=[]), temperature=Charts(name=null, reading_date=null, data=[]), pH=Charts(name=null, reading_date=null, data=[]), categories=[], crops=[])
[30m2024-11-26T20:52:01,779[m [32mINFO  [m[[1;34mhttp-nio-8087-exec-5[m] [1;33mControllerLoggerAspect[m: Request Path: /api/analytics/soil with HTTP method GET
[30m2024-11-26T20:52:01,780[m [32mINFO  [m[[1;34mhttp-nio-8087-exec-5[m] [1;33mControllerLoggerAspect[m:   Shamaba_HEADERS   connection -- Upgrade  x-real-ip -- 127.0.0.1  x-forwarded-for -- 127.0.0.1  x-forwarded-proto -- http  x-forwarded-host -- shambalab.me.com  host -- shambalab.me.com  x-requested-host -- http://shambalab.me.com/api/analytics/soil?size=5&farm_id=c0168697-3a89-42f7-8f94-e04f1c00c059  user-agent -- Mozilla/5.0 (X11; Linux x86_64) AppleWebKit/537.36 (KHTML, like Gecko) Chrome/129.0.0.0 Safari/537.36  accept -- application/json, text/plain, */*  authorization -- Bearer eyJhbGciOiJIUzI1NiJ9.eyJzdWIiOiJsZW5ueXFAd2F0dC5jb20iLCJpYXQiOjE3MzI2Mjk5MDUsImV4cCI6MTczMjY0NDMwNX0.e2upXTo2dV3yCD94H8zklTQCSQaFT7H9V4I5n_bPpbQ  referer -- http://shambalab.me.com/charts?farm_id=c0168697-3a89-42f7-8f94-e04f1c00c059  accept-encoding -- gzip, deflate  accept-language -- en-US,en;q=0.9
[30m2024-11-26T20:52:01,781[m [32mINFO  [m[[1;34mhttp-nio-8087-exec-5[m] [1;33mControllerLoggerAspect[m: Correlation ID: Not provided
[30m2024-11-26T20:52:01,781[m [32mINFO  [m[[1;34mhttp-nio-8087-exec-5[m] [1;33mServiceLoggerAspect[m: Enter getSoilAnalytics() method with params [c0168697-3a89-42f7-8f94-e04f1c00c059, 5, null, null]
[30m2024-11-26T20:52:01,781[m [32mINFO  [m[[1;34mhttp-nio-8087-exec-3[m] [1;33mControllerLoggerAspect[m: Request Path: /api/soil/latest with HTTP method GET
[30m2024-11-26T20:52:01,782[m [32mINFO  [m[[1;34mhttp-nio-8087-exec-3[m] [1;33mControllerLoggerAspect[m:   Shamaba_HEADERS   connection -- Upgrade  x-real-ip -- 127.0.0.1  x-forwarded-for -- 127.0.0.1  x-forwarded-proto -- http  x-forwarded-host -- shambalab.me.com  host -- shambalab.me.com  x-requested-host -- http://shambalab.me.com/api/soil/latest  user-agent -- Mozilla/5.0 (X11; Linux x86_64) AppleWebKit/537.36 (KHTML, like Gecko) Chrome/129.0.0.0 Safari/537.36  accept -- application/json, text/plain, */*  authorization -- Bearer eyJhbGciOiJIUzI1NiJ9.eyJzdWIiOiJsZW5ueXFAd2F0dC5jb20iLCJpYXQiOjE3MzI2Mjk5MDUsImV4cCI6MTczMjY0NDMwNX0.e2upXTo2dV3yCD94H8zklTQCSQaFT7H9V4I5n_bPpbQ  referer -- http://shambalab.me.com/charts?farm_id=c0168697-3a89-42f7-8f94-e04f1c00c059  accept-encoding -- gzip, deflate  accept-language -- en-US,en;q=0.9
[30m2024-11-26T20:52:01,782[m [32mINFO  [m[[1;34mhttp-nio-8087-exec-3[m] [1;33mControllerLoggerAspect[m: Correlation ID: Not provided
[30m2024-11-26T20:52:01,783[m [32mINFO  [m[[1;34mhttp-nio-8087-exec-3[m] [1;33mSoilController[m: start get latest soil data.
[30m2024-11-26T20:52:01,783[m [32mINFO  [m[[1;34mhttp-nio-8087-exec-3[m] [1;33mServiceLoggerAspect[m: Enter getLatestSoilByDeviceID() method with params [null]
[30m2024-11-26T20:52:01,786[m [32mINFO  [m[[1;34mhttp-nio-8087-exec-1[m] [1;33mControllerLoggerAspect[m: Request Path: /api/analytics/air with HTTP method GET
[30m2024-11-26T20:52:01,787[m [32mINFO  [m[[1;34mhttp-nio-8087-exec-1[m] [1;33mControllerLoggerAspect[m:   Shamaba_HEADERS   connection -- Upgrade  x-real-ip -- 127.0.0.1  x-forwarded-for -- 127.0.0.1  x-forwarded-proto -- http  x-forwarded-host -- shambalab.me.com  host -- shambalab.me.com  x-requested-host -- http://shambalab.me.com/api/analytics/air?size=5&farm_id=c0168697-3a89-42f7-8f94-e04f1c00c059  user-agent -- Mozilla/5.0 (X11; Linux x86_64) AppleWebKit/537.36 (KHTML, like Gecko) Chrome/129.0.0.0 Safari/537.36  accept -- application/json, text/plain, */*  authorization -- Bearer eyJhbGciOiJIUzI1NiJ9.eyJzdWIiOiJsZW5ueXFAd2F0dC5jb20iLCJpYXQiOjE3MzI2Mjk5MDUsImV4cCI6MTczMjY0NDMwNX0.e2upXTo2dV3yCD94H8zklTQCSQaFT7H9V4I5n_bPpbQ  referer -- http://shambalab.me.com/charts?farm_id=c0168697-3a89-42f7-8f94-e04f1c00c059  accept-encoding -- gzip, deflate  accept-language -- en-US,en;q=0.9
[30m2024-11-26T20:52:01,788[m [32mINFO  [m[[1;34mhttp-nio-8087-exec-1[m] [1;33mControllerLoggerAspect[m: Correlation ID: Not provided
[30m2024-11-26T20:52:01,788[m [32mINFO  [m[[1;34mhttp-nio-8087-exec-6[m] [1;33mControllerLoggerAspect[m: Request Path: /api/air/latest with HTTP method GET
[30m2024-11-26T20:52:01,788[m [32mINFO  [m[[1;34mhttp-nio-8087-exec-1[m] [1;33mServiceLoggerAspect[m: Enter getAirAnalytics() method with params [c0168697-3a89-42f7-8f94-e04f1c00c059, 5, null, null]
[30m2024-11-26T20:52:01,790[m [32mINFO  [m[[1;34mhttp-nio-8087-exec-5[m] [1;33mServiceLoggerAspect[m: Completed getSoilAnalytics() method with return value of  SoilAnalytics(nitrogen=Charts(name=null, reading_date=null, data=[]), potassium=Charts(name=null, reading_date=null, data=[]), phosphorus=Charts(name=null, reading_date=null, data=[]), conductivity=Charts(name=null, reading_date=null, data=[]), moisture=Charts(name=null, reading_date=null, data=[]), temperature=Charts(name=null, reading_date=null, data=[]), pH=Charts(name=null, reading_date=null, data=[]), categories=[], crops=[])
[30m2024-11-26T20:52:01,791[m [32mINFO  [m[[1;34mhttp-nio-8087-exec-6[m] [1;33mControllerLoggerAspect[m:   Shamaba_HEADERS   connection -- Upgrade  x-real-ip -- 127.0.0.1  x-forwarded-for -- 127.0.0.1  x-forwarded-proto -- http  x-forwarded-host -- shambalab.me.com  host -- shambalab.me.com  x-requested-host -- http://shambalab.me.com/api/air/latest  user-agent -- Mozilla/5.0 (X11; Linux x86_64) AppleWebKit/537.36 (KHTML, like Gecko) Chrome/129.0.0.0 Safari/537.36  accept -- application/json, text/plain, */*  authorization -- Bearer eyJhbGciOiJIUzI1NiJ9.eyJzdWIiOiJsZW5ueXFAd2F0dC5jb20iLCJpYXQiOjE3MzI2Mjk5MDUsImV4cCI6MTczMjY0NDMwNX0.e2upXTo2dV3yCD94H8zklTQCSQaFT7H9V4I5n_bPpbQ  referer -- http://shambalab.me.com/charts?farm_id=c0168697-3a89-42f7-8f94-e04f1c00c059  accept-encoding -- gzip, deflate  accept-language -- en-US,en;q=0.9
[30m2024-11-26T20:52:01,792[m [32mINFO  [m[[1;34mhttp-nio-8087-exec-6[m] [1;33mControllerLoggerAspect[m: Correlation ID: Not provided
[30m2024-11-26T20:52:01,793[m [32mINFO  [m[[1;34mhttp-nio-8087-exec-6[m] [1;33mServiceLoggerAspect[m: Enter getLatestAirByDeviceID() method with params [null]
[30m2024-11-26T20:52:01,805[m [32mINFO  [m[[1;34mhttp-nio-8087-exec-1[m] [1;33mServiceLoggerAspect[m: Completed getAirAnalytics() method with return value of  com.chemi.lab.analytics.AirAnalytics@2ac7eb6d
[30m2024-11-26T20:55:02,800[m [32mINFO  [m[[1;34mhttp-nio-8087-exec-10[m] [1;33mControllerLoggerAspect[m: Request Path: /api/analytics/soil with HTTP method GET
[30m2024-11-26T20:55:02,800[m [32mINFO  [m[[1;34mhttp-nio-8087-exec-10[m] [1;33mControllerLoggerAspect[m:   Shamaba_HEADERS   connection -- Upgrade  x-real-ip -- 127.0.0.1  x-forwarded-for -- 127.0.0.1  x-forwarded-proto -- http  x-forwarded-host -- shambalab.me.com  host -- shambalab.me.com  x-requested-host -- http://shambalab.me.com/api/analytics/soil?size=5&farm_id=c0168697-3a89-42f7-8f94-e04f1c00c059  user-agent -- Mozilla/5.0 (X11; Linux x86_64) AppleWebKit/537.36 (KHTML, like Gecko) Chrome/129.0.0.0 Safari/537.36  accept -- application/json, text/plain, */*  authorization -- Bearer eyJhbGciOiJIUzI1NiJ9.eyJzdWIiOiJsZW5ueXFAd2F0dC5jb20iLCJpYXQiOjE3MzI2Mjk5MDUsImV4cCI6MTczMjY0NDMwNX0.e2upXTo2dV3yCD94H8zklTQCSQaFT7H9V4I5n_bPpbQ  referer -- http://shambalab.me.com/charts?farm_id=c0168697-3a89-42f7-8f94-e04f1c00c059  accept-encoding -- gzip, deflate  accept-language -- en-US,en;q=0.9
[30m2024-11-26T20:55:02,801[m [32mINFO  [m[[1;34mhttp-nio-8087-exec-10[m] [1;33mControllerLoggerAspect[m: Correlation ID: Not provided
[30m2024-11-26T20:55:02,801[m [32mINFO  [m[[1;34mhttp-nio-8087-exec-10[m] [1;33mServiceLoggerAspect[m: Enter getSoilAnalytics() method with params [c0168697-3a89-42f7-8f94-e04f1c00c059, 5, null, null]
[30m2024-11-26T20:55:02,807[m [32mINFO  [m[[1;34mhttp-nio-8087-exec-4[m] [1;33mControllerLoggerAspect[m: Request Path: /api/air/latest with HTTP method GET
[30m2024-11-26T20:55:02,808[m [32mINFO  [m[[1;34mhttp-nio-8087-exec-4[m] [1;33mControllerLoggerAspect[m:   Shamaba_HEADERS   connection -- Upgrade  x-real-ip -- 127.0.0.1  x-forwarded-for -- 127.0.0.1  x-forwarded-proto -- http  x-forwarded-host -- shambalab.me.com  host -- shambalab.me.com  x-requested-host -- http://shambalab.me.com/api/air/latest  user-agent -- Mozilla/5.0 (X11; Linux x86_64) AppleWebKit/537.36 (KHTML, like Gecko) Chrome/129.0.0.0 Safari/537.36  accept -- application/json, text/plain, */*  authorization -- Bearer eyJhbGciOiJIUzI1NiJ9.eyJzdWIiOiJsZW5ueXFAd2F0dC5jb20iLCJpYXQiOjE3MzI2Mjk5MDUsImV4cCI6MTczMjY0NDMwNX0.e2upXTo2dV3yCD94H8zklTQCSQaFT7H9V4I5n_bPpbQ  referer -- http://shambalab.me.com/charts?farm_id=c0168697-3a89-42f7-8f94-e04f1c00c059  accept-encoding -- gzip, deflate  accept-language -- en-US,en;q=0.9
[30m2024-11-26T20:55:02,808[m [32mINFO  [m[[1;34mhttp-nio-8087-exec-10[m] [1;33mServiceLoggerAspect[m: Completed getSoilAnalytics() method with return value of  SoilAnalytics(nitrogen=Charts(name=null, reading_date=null, data=[]), potassium=Charts(name=null, reading_date=null, data=[]), phosphorus=Charts(name=null, reading_date=null, data=[]), conductivity=Charts(name=null, reading_date=null, data=[]), moisture=Charts(name=null, reading_date=null, data=[]), temperature=Charts(name=null, reading_date=null, data=[]), pH=Charts(name=null, reading_date=null, data=[]), categories=[], crops=[])
[30m2024-11-26T20:55:02,808[m [32mINFO  [m[[1;34mhttp-nio-8087-exec-4[m] [1;33mControllerLoggerAspect[m: Correlation ID: Not provided
[30m2024-11-26T20:55:02,810[m [32mINFO  [m[[1;34mhttp-nio-8087-exec-4[m] [1;33mServiceLoggerAspect[m: Enter getLatestAirByDeviceID() method with params [null]
[30m2024-11-26T20:55:02,828[m [32mINFO  [m[[1;34mhttp-nio-8087-exec-2[m] [1;33mControllerLoggerAspect[m: Request Path: /api/soil/latest with HTTP method GET
[30m2024-11-26T20:55:02,829[m [32mINFO  [m[[1;34mhttp-nio-8087-exec-2[m] [1;33mControllerLoggerAspect[m:   Shamaba_HEADERS   connection -- Upgrade  x-real-ip -- 127.0.0.1  x-forwarded-for -- 127.0.0.1  x-forwarded-proto -- http  x-forwarded-host -- shambalab.me.com  host -- shambalab.me.com  x-requested-host -- http://shambalab.me.com/api/soil/latest  user-agent -- Mozilla/5.0 (X11; Linux x86_64) AppleWebKit/537.36 (KHTML, like Gecko) Chrome/129.0.0.0 Safari/537.36  accept -- application/json, text/plain, */*  authorization -- Bearer eyJhbGciOiJIUzI1NiJ9.eyJzdWIiOiJsZW5ueXFAd2F0dC5jb20iLCJpYXQiOjE3MzI2Mjk5MDUsImV4cCI6MTczMjY0NDMwNX0.e2upXTo2dV3yCD94H8zklTQCSQaFT7H9V4I5n_bPpbQ  referer -- http://shambalab.me.com/charts?farm_id=c0168697-3a89-42f7-8f94-e04f1c00c059  accept-encoding -- gzip, deflate  accept-language -- en-US,en;q=0.9
[30m2024-11-26T20:55:02,828[m [32mINFO  [m[[1;34mhttp-nio-8087-exec-8[m] [1;33mControllerLoggerAspect[m: Request Path: /api/analytics/air with HTTP method GET
[30m2024-11-26T20:55:02,830[m [32mINFO  [m[[1;34mhttp-nio-8087-exec-8[m] [1;33mControllerLoggerAspect[m:   Shamaba_HEADERS   connection -- Upgrade  x-real-ip -- 127.0.0.1  x-forwarded-for -- 127.0.0.1  x-forwarded-proto -- http  x-forwarded-host -- shambalab.me.com  host -- shambalab.me.com  x-requested-host -- http://shambalab.me.com/api/analytics/air?size=5&farm_id=c0168697-3a89-42f7-8f94-e04f1c00c059  user-agent -- Mozilla/5.0 (X11; Linux x86_64) AppleWebKit/537.36 (KHTML, like Gecko) Chrome/129.0.0.0 Safari/537.36  accept -- application/json, text/plain, */*  authorization -- Bearer eyJhbGciOiJIUzI1NiJ9.eyJzdWIiOiJsZW5ueXFAd2F0dC5jb20iLCJpYXQiOjE3MzI2Mjk5MDUsImV4cCI6MTczMjY0NDMwNX0.e2upXTo2dV3yCD94H8zklTQCSQaFT7H9V4I5n_bPpbQ  referer -- http://shambalab.me.com/charts?farm_id=c0168697-3a89-42f7-8f94-e04f1c00c059  accept-encoding -- gzip, deflate  accept-language -- en-US,en;q=0.9
[30m2024-11-26T20:55:02,830[m [32mINFO  [m[[1;34mhttp-nio-8087-exec-8[m] [1;33mControllerLoggerAspect[m: Correlation ID: Not provided
[30m2024-11-26T20:55:02,830[m [32mINFO  [m[[1;34mhttp-nio-8087-exec-8[m] [1;33mServiceLoggerAspect[m: Enter getAirAnalytics() method with params [c0168697-3a89-42f7-8f94-e04f1c00c059, 5, null, null]
[30m2024-11-26T20:55:02,829[m [32mINFO  [m[[1;34mhttp-nio-8087-exec-2[m] [1;33mControllerLoggerAspect[m: Correlation ID: Not provided
[30m2024-11-26T20:55:02,831[m [32mINFO  [m[[1;34mhttp-nio-8087-exec-2[m] [1;33mSoilController[m: start get latest soil data.
[30m2024-11-26T20:55:02,831[m [32mINFO  [m[[1;34mhttp-nio-8087-exec-2[m] [1;33mServiceLoggerAspect[m: Enter getLatestSoilByDeviceID() method with params [null]
[30m2024-11-26T20:55:02,838[m [32mINFO  [m[[1;34mhttp-nio-8087-exec-8[m] [1;33mServiceLoggerAspect[m: Completed getAirAnalytics() method with return value of  com.chemi.lab.analytics.AirAnalytics@3735ce5
[30m2024-11-26T20:58:03,731[m [32mINFO  [m[[1;34mhttp-nio-8087-exec-7[m] [1;33mControllerLoggerAspect[m: Request Path: /api/analytics/soil with HTTP method GET
[30m2024-11-26T20:58:03,735[m [32mINFO  [m[[1;34mhttp-nio-8087-exec-7[m] [1;33mControllerLoggerAspect[m:   Shamaba_HEADERS   connection -- Upgrade  x-real-ip -- 127.0.0.1  x-forwarded-for -- 127.0.0.1  x-forwarded-proto -- http  x-forwarded-host -- shambalab.me.com  host -- shambalab.me.com  x-requested-host -- http://shambalab.me.com/api/analytics/soil?size=5&farm_id=c0168697-3a89-42f7-8f94-e04f1c00c059  user-agent -- Mozilla/5.0 (X11; Linux x86_64) AppleWebKit/537.36 (KHTML, like Gecko) Chrome/129.0.0.0 Safari/537.36  accept -- application/json, text/plain, */*  authorization -- Bearer eyJhbGciOiJIUzI1NiJ9.eyJzdWIiOiJsZW5ueXFAd2F0dC5jb20iLCJpYXQiOjE3MzI2Mjk5MDUsImV4cCI6MTczMjY0NDMwNX0.e2upXTo2dV3yCD94H8zklTQCSQaFT7H9V4I5n_bPpbQ  referer -- http://shambalab.me.com/charts?farm_id=c0168697-3a89-42f7-8f94-e04f1c00c059  accept-encoding -- gzip, deflate  accept-language -- en-US,en;q=0.9
[30m2024-11-26T20:58:03,737[m [32mINFO  [m[[1;34mhttp-nio-8087-exec-7[m] [1;33mControllerLoggerAspect[m: Correlation ID: Not provided
[30m2024-11-26T20:58:03,739[m [32mINFO  [m[[1;34mhttp-nio-8087-exec-7[m] [1;33mServiceLoggerAspect[m: Enter getSoilAnalytics() method with params [c0168697-3a89-42f7-8f94-e04f1c00c059, 5, null, null]
[30m2024-11-26T20:58:03,737[m [32mINFO  [m[[1;34mhttp-nio-8087-exec-1[m] [1;33mControllerLoggerAspect[m: Request Path: /api/air/latest with HTTP method GET
[30m2024-11-26T20:58:03,742[m [32mINFO  [m[[1;34mhttp-nio-8087-exec-6[m] [1;33mControllerLoggerAspect[m: Request Path: /api/soil/latest with HTTP method GET
[30m2024-11-26T20:58:03,748[m [32mINFO  [m[[1;34mhttp-nio-8087-exec-6[m] [1;33mControllerLoggerAspect[m:   Shamaba_HEADERS   connection -- Upgrade  x-real-ip -- 127.0.0.1  x-forwarded-for -- 127.0.0.1  x-forwarded-proto -- http  x-forwarded-host -- shambalab.me.com  host -- shambalab.me.com  x-requested-host -- http://shambalab.me.com/api/soil/latest  user-agent -- Mozilla/5.0 (X11; Linux x86_64) AppleWebKit/537.36 (KHTML, like Gecko) Chrome/129.0.0.0 Safari/537.36  accept -- application/json, text/plain, */*  authorization -- Bearer eyJhbGciOiJIUzI1NiJ9.eyJzdWIiOiJsZW5ueXFAd2F0dC5jb20iLCJpYXQiOjE3MzI2Mjk5MDUsImV4cCI6MTczMjY0NDMwNX0.e2upXTo2dV3yCD94H8zklTQCSQaFT7H9V4I5n_bPpbQ  referer -- http://shambalab.me.com/charts?farm_id=c0168697-3a89-42f7-8f94-e04f1c00c059  accept-encoding -- gzip, deflate  accept-language -- en-US,en;q=0.9
[30m2024-11-26T20:58:03,748[m [32mINFO  [m[[1;34mhttp-nio-8087-exec-1[m] [1;33mControllerLoggerAspect[m:   Shamaba_HEADERS   connection -- Upgrade  x-real-ip -- 127.0.0.1  x-forwarded-for -- 127.0.0.1  x-forwarded-proto -- http  x-forwarded-host -- shambalab.me.com  host -- shambalab.me.com  x-requested-host -- http://shambalab.me.com/api/air/latest  user-agent -- Mozilla/5.0 (X11; Linux x86_64) AppleWebKit/537.36 (KHTML, like Gecko) Chrome/129.0.0.0 Safari/537.36  accept -- application/json, text/plain, */*  authorization -- Bearer eyJhbGciOiJIUzI1NiJ9.eyJzdWIiOiJsZW5ueXFAd2F0dC5jb20iLCJpYXQiOjE3MzI2Mjk5MDUsImV4cCI6MTczMjY0NDMwNX0.e2upXTo2dV3yCD94H8zklTQCSQaFT7H9V4I5n_bPpbQ  referer -- http://shambalab.me.com/charts?farm_id=c0168697-3a89-42f7-8f94-e04f1c00c059  accept-encoding -- gzip, deflate  accept-language -- en-US,en;q=0.9
[30m2024-11-26T20:58:03,748[m [32mINFO  [m[[1;34mhttp-nio-8087-exec-6[m] [1;33mControllerLoggerAspect[m: Correlation ID: Not provided
[30m2024-11-26T20:58:03,749[m [32mINFO  [m[[1;34mhttp-nio-8087-exec-6[m] [1;33mSoilController[m: start get latest soil data.
[30m2024-11-26T20:58:03,749[m [32mINFO  [m[[1;34mhttp-nio-8087-exec-1[m] [1;33mControllerLoggerAspect[m: Correlation ID: Not provided
[30m2024-11-26T20:58:03,749[m [32mINFO  [m[[1;34mhttp-nio-8087-exec-3[m] [1;33mControllerLoggerAspect[m: Request Path: /api/analytics/air with HTTP method GET
[30m2024-11-26T20:58:03,749[m [32mINFO  [m[[1;34mhttp-nio-8087-exec-6[m] [1;33mServiceLoggerAspect[m: Enter getLatestSoilByDeviceID() method with params [null]
[30m2024-11-26T20:58:03,749[m [32mINFO  [m[[1;34mhttp-nio-8087-exec-1[m] [1;33mServiceLoggerAspect[m: Enter getLatestAirByDeviceID() method with params [null]
[30m2024-11-26T20:58:03,751[m [32mINFO  [m[[1;34mhttp-nio-8087-exec-7[m] [1;33mServiceLoggerAspect[m: Completed getSoilAnalytics() method with return value of  SoilAnalytics(nitrogen=Charts(name=null, reading_date=null, data=[]), potassium=Charts(name=null, reading_date=null, data=[]), phosphorus=Charts(name=null, reading_date=null, data=[]), conductivity=Charts(name=null, reading_date=null, data=[]), moisture=Charts(name=null, reading_date=null, data=[]), temperature=Charts(name=null, reading_date=null, data=[]), pH=Charts(name=null, reading_date=null, data=[]), categories=[], crops=[])
[30m2024-11-26T20:58:03,750[m [32mINFO  [m[[1;34mhttp-nio-8087-exec-3[m] [1;33mControllerLoggerAspect[m:   Shamaba_HEADERS   connection -- Upgrade  x-real-ip -- 127.0.0.1  x-forwarded-for -- 127.0.0.1  x-forwarded-proto -- http  x-forwarded-host -- shambalab.me.com  host -- shambalab.me.com  x-requested-host -- http://shambalab.me.com/api/analytics/air?size=5&farm_id=c0168697-3a89-42f7-8f94-e04f1c00c059  user-agent -- Mozilla/5.0 (X11; Linux x86_64) AppleWebKit/537.36 (KHTML, like Gecko) Chrome/129.0.0.0 Safari/537.36  accept -- application/json, text/plain, */*  authorization -- Bearer eyJhbGciOiJIUzI1NiJ9.eyJzdWIiOiJsZW5ueXFAd2F0dC5jb20iLCJpYXQiOjE3MzI2Mjk5MDUsImV4cCI6MTczMjY0NDMwNX0.e2upXTo2dV3yCD94H8zklTQCSQaFT7H9V4I5n_bPpbQ  referer -- http://shambalab.me.com/charts?farm_id=c0168697-3a89-42f7-8f94-e04f1c00c059  accept-encoding -- gzip, deflate  accept-language -- en-US,en;q=0.9
[30m2024-11-26T20:58:03,752[m [32mINFO  [m[[1;34mhttp-nio-8087-exec-3[m] [1;33mControllerLoggerAspect[m: Correlation ID: Not provided
[30m2024-11-26T20:58:03,753[m [32mINFO  [m[[1;34mhttp-nio-8087-exec-3[m] [1;33mServiceLoggerAspect[m: Enter getAirAnalytics() method with params [c0168697-3a89-42f7-8f94-e04f1c00c059, 5, null, null]
[30m2024-11-26T20:58:03,765[m [32mINFO  [m[[1;34mhttp-nio-8087-exec-3[m] [1;33mServiceLoggerAspect[m: Completed getAirAnalytics() method with return value of  com.chemi.lab.analytics.AirAnalytics@74bc339
[30m2024-11-26T21:01:04,769[m [32mINFO  [m[[1;34mhttp-nio-8087-exec-10[m] [1;33mControllerLoggerAspect[m: Request Path: /api/analytics/soil with HTTP method GET
[30m2024-11-26T21:01:04,770[m [32mINFO  [m[[1;34mhttp-nio-8087-exec-10[m] [1;33mControllerLoggerAspect[m:   Shamaba_HEADERS   connection -- Upgrade  x-real-ip -- 127.0.0.1  x-forwarded-for -- 127.0.0.1  x-forwarded-proto -- http  x-forwarded-host -- shambalab.me.com  host -- shambalab.me.com  x-requested-host -- http://shambalab.me.com/api/analytics/soil?size=5&farm_id=c0168697-3a89-42f7-8f94-e04f1c00c059  user-agent -- Mozilla/5.0 (X11; Linux x86_64) AppleWebKit/537.36 (KHTML, like Gecko) Chrome/129.0.0.0 Safari/537.36  accept -- application/json, text/plain, */*  authorization -- Bearer eyJhbGciOiJIUzI1NiJ9.eyJzdWIiOiJsZW5ueXFAd2F0dC5jb20iLCJpYXQiOjE3MzI2Mjk5MDUsImV4cCI6MTczMjY0NDMwNX0.e2upXTo2dV3yCD94H8zklTQCSQaFT7H9V4I5n_bPpbQ  referer -- http://shambalab.me.com/charts?farm_id=c0168697-3a89-42f7-8f94-e04f1c00c059  accept-encoding -- gzip, deflate  accept-language -- en-US,en;q=0.9
[30m2024-11-26T21:01:04,771[m [32mINFO  [m[[1;34mhttp-nio-8087-exec-10[m] [1;33mControllerLoggerAspect[m: Correlation ID: Not provided
[30m2024-11-26T21:01:04,772[m [32mINFO  [m[[1;34mhttp-nio-8087-exec-10[m] [1;33mServiceLoggerAspect[m: Enter getSoilAnalytics() method with params [c0168697-3a89-42f7-8f94-e04f1c00c059, 5, null, null]
[30m2024-11-26T21:01:04,780[m [32mINFO  [m[[1;34mhttp-nio-8087-exec-8[m] [1;33mControllerLoggerAspect[m: Request Path: /api/soil/latest with HTTP method GET
[30m2024-11-26T21:01:04,781[m [32mINFO  [m[[1;34mhttp-nio-8087-exec-8[m] [1;33mControllerLoggerAspect[m:   Shamaba_HEADERS   connection -- Upgrade  x-real-ip -- 127.0.0.1  x-forwarded-for -- 127.0.0.1  x-forwarded-proto -- http  x-forwarded-host -- shambalab.me.com  host -- shambalab.me.com  x-requested-host -- http://shambalab.me.com/api/soil/latest  user-agent -- Mozilla/5.0 (X11; Linux x86_64) AppleWebKit/537.36 (KHTML, like Gecko) Chrome/129.0.0.0 Safari/537.36  accept -- application/json, text/plain, */*  authorization -- Bearer eyJhbGciOiJIUzI1NiJ9.eyJzdWIiOiJsZW5ueXFAd2F0dC5jb20iLCJpYXQiOjE3MzI2Mjk5MDUsImV4cCI6MTczMjY0NDMwNX0.e2upXTo2dV3yCD94H8zklTQCSQaFT7H9V4I5n_bPpbQ  referer -- http://shambalab.me.com/charts?farm_id=c0168697-3a89-42f7-8f94-e04f1c00c059  accept-encoding -- gzip, deflate  accept-language -- en-US,en;q=0.9
[30m2024-11-26T21:01:04,782[m [32mINFO  [m[[1;34mhttp-nio-8087-exec-8[m] [1;33mControllerLoggerAspect[m: Correlation ID: Not provided
[30m2024-11-26T21:01:04,782[m [32mINFO  [m[[1;34mhttp-nio-8087-exec-8[m] [1;33mSoilController[m: start get latest soil data.
[30m2024-11-26T21:01:04,782[m [32mINFO  [m[[1;34mhttp-nio-8087-exec-8[m] [1;33mServiceLoggerAspect[m: Enter getLatestSoilByDeviceID() method with params [null]
[30m2024-11-26T21:01:04,785[m [32mINFO  [m[[1;34mhttp-nio-8087-exec-4[m] [1;33mControllerLoggerAspect[m: Request Path: /api/analytics/air with HTTP method GET
[30m2024-11-26T21:01:04,785[m [32mINFO  [m[[1;34mhttp-nio-8087-exec-4[m] [1;33mControllerLoggerAspect[m:   Shamaba_HEADERS   connection -- Upgrade  x-real-ip -- 127.0.0.1  x-forwarded-for -- 127.0.0.1  x-forwarded-proto -- http  x-forwarded-host -- shambalab.me.com  host -- shambalab.me.com  x-requested-host -- http://shambalab.me.com/api/analytics/air?size=5&farm_id=c0168697-3a89-42f7-8f94-e04f1c00c059  user-agent -- Mozilla/5.0 (X11; Linux x86_64) AppleWebKit/537.36 (KHTML, like Gecko) Chrome/129.0.0.0 Safari/537.36  accept -- application/json, text/plain, */*  authorization -- Bearer eyJhbGciOiJIUzI1NiJ9.eyJzdWIiOiJsZW5ueXFAd2F0dC5jb20iLCJpYXQiOjE3MzI2Mjk5MDUsImV4cCI6MTczMjY0NDMwNX0.e2upXTo2dV3yCD94H8zklTQCSQaFT7H9V4I5n_bPpbQ  referer -- http://shambalab.me.com/charts?farm_id=c0168697-3a89-42f7-8f94-e04f1c00c059  accept-encoding -- gzip, deflate  accept-language -- en-US,en;q=0.9
[30m2024-11-26T21:01:04,785[m [32mINFO  [m[[1;34mhttp-nio-8087-exec-4[m] [1;33mControllerLoggerAspect[m: Correlation ID: Not provided
[30m2024-11-26T21:01:04,785[m [32mINFO  [m[[1;34mhttp-nio-8087-exec-2[m] [1;33mControllerLoggerAspect[m: Request Path: /api/air/latest with HTTP method GET
[30m2024-11-26T21:01:04,786[m [32mINFO  [m[[1;34mhttp-nio-8087-exec-4[m] [1;33mServiceLoggerAspect[m: Enter getAirAnalytics() method with params [c0168697-3a89-42f7-8f94-e04f1c00c059, 5, null, null]
[30m2024-11-26T21:01:04,786[m [32mINFO  [m[[1;34mhttp-nio-8087-exec-2[m] [1;33mControllerLoggerAspect[m:   Shamaba_HEADERS   connection -- Upgrade  x-real-ip -- 127.0.0.1  x-forwarded-for -- 127.0.0.1  x-forwarded-proto -- http  x-forwarded-host -- shambalab.me.com  host -- shambalab.me.com  x-requested-host -- http://shambalab.me.com/api/air/latest  user-agent -- Mozilla/5.0 (X11; Linux x86_64) AppleWebKit/537.36 (KHTML, like Gecko) Chrome/129.0.0.0 Safari/537.36  accept -- application/json, text/plain, */*  authorization -- Bearer eyJhbGciOiJIUzI1NiJ9.eyJzdWIiOiJsZW5ueXFAd2F0dC5jb20iLCJpYXQiOjE3MzI2Mjk5MDUsImV4cCI6MTczMjY0NDMwNX0.e2upXTo2dV3yCD94H8zklTQCSQaFT7H9V4I5n_bPpbQ  referer -- http://shambalab.me.com/charts?farm_id=c0168697-3a89-42f7-8f94-e04f1c00c059  accept-encoding -- gzip, deflate  accept-language -- en-US,en;q=0.9
[30m2024-11-26T21:01:04,786[m [32mINFO  [m[[1;34mhttp-nio-8087-exec-2[m] [1;33mControllerLoggerAspect[m: Correlation ID: Not provided
[30m2024-11-26T21:01:04,786[m [32mINFO  [m[[1;34mhttp-nio-8087-exec-2[m] [1;33mServiceLoggerAspect[m: Enter getLatestAirByDeviceID() method with params [null]
[30m2024-11-26T21:01:04,787[m [32mINFO  [m[[1;34mhttp-nio-8087-exec-10[m] [1;33mServiceLoggerAspect[m: Completed getSoilAnalytics() method with return value of  SoilAnalytics(nitrogen=Charts(name=null, reading_date=null, data=[]), potassium=Charts(name=null, reading_date=null, data=[]), phosphorus=Charts(name=null, reading_date=null, data=[]), conductivity=Charts(name=null, reading_date=null, data=[]), moisture=Charts(name=null, reading_date=null, data=[]), temperature=Charts(name=null, reading_date=null, data=[]), pH=Charts(name=null, reading_date=null, data=[]), categories=[], crops=[])
[30m2024-11-26T21:01:04,793[m [32mINFO  [m[[1;34mhttp-nio-8087-exec-4[m] [1;33mServiceLoggerAspect[m: Completed getAirAnalytics() method with return value of  com.chemi.lab.analytics.AirAnalytics@6fe7ad7c
[30m2024-11-26T21:04:05,774[m [32mINFO  [m[[1;34mhttp-nio-8087-exec-1[m] [1;33mControllerLoggerAspect[m: Request Path: /api/soil/latest with HTTP method GET
[30m2024-11-26T21:04:05,776[m [32mINFO  [m[[1;34mhttp-nio-8087-exec-7[m] [1;33mControllerLoggerAspect[m: Request Path: /api/analytics/air with HTTP method GET
[30m2024-11-26T21:04:05,773[m [32mINFO  [m[[1;34mhttp-nio-8087-exec-6[m] [1;33mControllerLoggerAspect[m: Request Path: /api/air/latest with HTTP method GET
[30m2024-11-26T21:04:05,777[m [32mINFO  [m[[1;34mhttp-nio-8087-exec-7[m] [1;33mControllerLoggerAspect[m:   Shamaba_HEADERS   connection -- Upgrade  x-real-ip -- 127.0.0.1  x-forwarded-for -- 127.0.0.1  x-forwarded-proto -- http  x-forwarded-host -- shambalab.me.com  host -- shambalab.me.com  x-requested-host -- http://shambalab.me.com/api/analytics/air?size=5&farm_id=c0168697-3a89-42f7-8f94-e04f1c00c059  user-agent -- Mozilla/5.0 (X11; Linux x86_64) AppleWebKit/537.36 (KHTML, like Gecko) Chrome/129.0.0.0 Safari/537.36  accept -- application/json, text/plain, */*  authorization -- Bearer eyJhbGciOiJIUzI1NiJ9.eyJzdWIiOiJsZW5ueXFAd2F0dC5jb20iLCJpYXQiOjE3MzI2Mjk5MDUsImV4cCI6MTczMjY0NDMwNX0.e2upXTo2dV3yCD94H8zklTQCSQaFT7H9V4I5n_bPpbQ  referer -- http://shambalab.me.com/charts?farm_id=c0168697-3a89-42f7-8f94-e04f1c00c059  accept-encoding -- gzip, deflate  accept-language -- en-US,en;q=0.9
[30m2024-11-26T21:04:05,777[m [32mINFO  [m[[1;34mhttp-nio-8087-exec-1[m] [1;33mControllerLoggerAspect[m:   Shamaba_HEADERS   connection -- Upgrade  x-real-ip -- 127.0.0.1  x-forwarded-for -- 127.0.0.1  x-forwarded-proto -- http  x-forwarded-host -- shambalab.me.com  host -- shambalab.me.com  x-requested-host -- http://shambalab.me.com/api/soil/latest  user-agent -- Mozilla/5.0 (X11; Linux x86_64) AppleWebKit/537.36 (KHTML, like Gecko) Chrome/129.0.0.0 Safari/537.36  accept -- application/json, text/plain, */*  authorization -- Bearer eyJhbGciOiJIUzI1NiJ9.eyJzdWIiOiJsZW5ueXFAd2F0dC5jb20iLCJpYXQiOjE3MzI2Mjk5MDUsImV4cCI6MTczMjY0NDMwNX0.e2upXTo2dV3yCD94H8zklTQCSQaFT7H9V4I5n_bPpbQ  referer -- http://shambalab.me.com/charts?farm_id=c0168697-3a89-42f7-8f94-e04f1c00c059  accept-encoding -- gzip, deflate  accept-language -- en-US,en;q=0.9
[30m2024-11-26T21:04:05,777[m [32mINFO  [m[[1;34mhttp-nio-8087-exec-1[m] [1;33mControllerLoggerAspect[m: Correlation ID: Not provided
[30m2024-11-26T21:04:05,777[m [32mINFO  [m[[1;34mhttp-nio-8087-exec-6[m] [1;33mControllerLoggerAspect[m:   Shamaba_HEADERS   connection -- Upgrade  x-real-ip -- 127.0.0.1  x-forwarded-for -- 127.0.0.1  x-forwarded-proto -- http  x-forwarded-host -- shambalab.me.com  host -- shambalab.me.com  x-requested-host -- http://shambalab.me.com/api/air/latest  user-agent -- Mozilla/5.0 (X11; Linux x86_64) AppleWebKit/537.36 (KHTML, like Gecko) Chrome/129.0.0.0 Safari/537.36  accept -- application/json, text/plain, */*  authorization -- Bearer eyJhbGciOiJIUzI1NiJ9.eyJzdWIiOiJsZW5ueXFAd2F0dC5jb20iLCJpYXQiOjE3MzI2Mjk5MDUsImV4cCI6MTczMjY0NDMwNX0.e2upXTo2dV3yCD94H8zklTQCSQaFT7H9V4I5n_bPpbQ  referer -- http://shambalab.me.com/charts?farm_id=c0168697-3a89-42f7-8f94-e04f1c00c059  accept-encoding -- gzip, deflate  accept-language -- en-US,en;q=0.9
[30m2024-11-26T21:04:05,778[m [32mINFO  [m[[1;34mhttp-nio-8087-exec-7[m] [1;33mControllerLoggerAspect[m: Correlation ID: Not provided
[30m2024-11-26T21:04:05,778[m [32mINFO  [m[[1;34mhttp-nio-8087-exec-1[m] [1;33mSoilController[m: start get latest soil data.
[30m2024-11-26T21:04:05,778[m [32mINFO  [m[[1;34mhttp-nio-8087-exec-6[m] [1;33mControllerLoggerAspect[m: Correlation ID: Not provided
[30m2024-11-26T21:04:05,778[m [32mINFO  [m[[1;34mhttp-nio-8087-exec-6[m] [1;33mServiceLoggerAspect[m: Enter getLatestAirByDeviceID() method with params [null]
[30m2024-11-26T21:04:05,778[m [32mINFO  [m[[1;34mhttp-nio-8087-exec-7[m] [1;33mServiceLoggerAspect[m: Enter getAirAnalytics() method with params [c0168697-3a89-42f7-8f94-e04f1c00c059, 5, null, null]
[30m2024-11-26T21:04:05,779[m [32mINFO  [m[[1;34mhttp-nio-8087-exec-1[m] [1;33mServiceLoggerAspect[m: Enter getLatestSoilByDeviceID() method with params [null]
[30m2024-11-26T21:04:05,779[m [32mINFO  [m[[1;34mhttp-nio-8087-exec-3[m] [1;33mControllerLoggerAspect[m: Request Path: /api/analytics/soil with HTTP method GET
[30m2024-11-26T21:04:05,779[m [32mINFO  [m[[1;34mhttp-nio-8087-exec-3[m] [1;33mControllerLoggerAspect[m:   Shamaba_HEADERS   connection -- Upgrade  x-real-ip -- 127.0.0.1  x-forwarded-for -- 127.0.0.1  x-forwarded-proto -- http  x-forwarded-host -- shambalab.me.com  host -- shambalab.me.com  x-requested-host -- http://shambalab.me.com/api/analytics/soil?size=5&farm_id=c0168697-3a89-42f7-8f94-e04f1c00c059  user-agent -- Mozilla/5.0 (X11; Linux x86_64) AppleWebKit/537.36 (KHTML, like Gecko) Chrome/129.0.0.0 Safari/537.36  accept -- application/json, text/plain, */*  authorization -- Bearer eyJhbGciOiJIUzI1NiJ9.eyJzdWIiOiJsZW5ueXFAd2F0dC5jb20iLCJpYXQiOjE3MzI2Mjk5MDUsImV4cCI6MTczMjY0NDMwNX0.e2upXTo2dV3yCD94H8zklTQCSQaFT7H9V4I5n_bPpbQ  referer -- http://shambalab.me.com/charts?farm_id=c0168697-3a89-42f7-8f94-e04f1c00c059  accept-encoding -- gzip, deflate  accept-language -- en-US,en;q=0.9
[30m2024-11-26T21:04:05,780[m [32mINFO  [m[[1;34mhttp-nio-8087-exec-3[m] [1;33mControllerLoggerAspect[m: Correlation ID: Not provided
[30m2024-11-26T21:04:05,780[m [32mINFO  [m[[1;34mhttp-nio-8087-exec-3[m] [1;33mServiceLoggerAspect[m: Enter getSoilAnalytics() method with params [c0168697-3a89-42f7-8f94-e04f1c00c059, 5, null, null]
[30m2024-11-26T21:04:05,791[m [32mINFO  [m[[1;34mhttp-nio-8087-exec-3[m] [1;33mServiceLoggerAspect[m: Completed getSoilAnalytics() method with return value of  SoilAnalytics(nitrogen=Charts(name=null, reading_date=null, data=[]), potassium=Charts(name=null, reading_date=null, data=[]), phosphorus=Charts(name=null, reading_date=null, data=[]), conductivity=Charts(name=null, reading_date=null, data=[]), moisture=Charts(name=null, reading_date=null, data=[]), temperature=Charts(name=null, reading_date=null, data=[]), pH=Charts(name=null, reading_date=null, data=[]), categories=[], crops=[])
[30m2024-11-26T21:04:05,796[m [32mINFO  [m[[1;34mhttp-nio-8087-exec-7[m] [1;33mServiceLoggerAspect[m: Completed getAirAnalytics() method with return value of  com.chemi.lab.analytics.AirAnalytics@4532a00d
[30m2024-11-26T21:07:06,722[m [1;31mERROR [m[[1;34mhttp-nio-8087-exec-9[m] [1;33mDirectJDKLog[m: Servlet.service() for servlet [dispatcherServlet] in context with path [] threw exception
io.jsonwebtoken.ExpiredJwtException: JWT expired at 2024-11-26T18:05:05Z. Current time: 2024-11-26T18:07:06Z, a difference of 121720 milliseconds.  Allowed clock skew: 0 milliseconds.
	at io.jsonwebtoken.impl.DefaultJwtParser.parse(DefaultJwtParser.java:427)
	at io.jsonwebtoken.impl.DefaultJwtParser.parse(DefaultJwtParser.java:529)
	at io.jsonwebtoken.impl.DefaultJwtParser.parseClaimsJws(DefaultJwtParser.java:589)
	at io.jsonwebtoken.impl.ImmutableJwtParser.parseClaimsJws(ImmutableJwtParser.java:173)
	at com.chemi.lab.auth.config.JwtService.extractAllclaims(JwtService.java:60)
	at com.chemi.lab.auth.config.JwtService.extractClaim(JwtService.java:26)
	at com.chemi.lab.auth.config.JwtService.extractUsername(JwtService.java:22)
	at com.chemi.lab.auth.config.JwtAuthFilter.doFilterInternal(JwtAuthFilter.java:45)
	at org.springframework.web.filter.OncePerRequestFilter.doFilter(OncePerRequestFilter.java:116)
	at org.springframework.security.web.FilterChainProxy$VirtualFilterChain.doFilter(FilterChainProxy.java:374)
	at org.springframework.security.web.authentication.logout.LogoutFilter.doFilter(LogoutFilter.java:107)
	at org.springframework.security.web.authentication.logout.LogoutFilter.doFilter(LogoutFilter.java:93)
	at org.springframework.security.web.FilterChainProxy$VirtualFilterChain.doFilter(FilterChainProxy.java:374)
	at org.springframework.web.filter.CorsFilter.doFilterInternal(CorsFilter.java:91)
	at org.springframework.web.filter.OncePerRequestFilter.doFilter(OncePerRequestFilter.java:116)
	at org.springframework.security.web.FilterChainProxy$VirtualFilterChain.doFilter(FilterChainProxy.java:374)
	at org.springframework.security.web.header.HeaderWriterFilter.doHeadersAfter(HeaderWriterFilter.java:90)
	at org.springframework.security.web.header.HeaderWriterFilter.doFilterInternal(HeaderWriterFilter.java:75)
	at org.springframework.web.filter.OncePerRequestFilter.doFilter(OncePerRequestFilter.java:116)
	at org.springframework.security.web.FilterChainProxy$VirtualFilterChain.doFilter(FilterChainProxy.java:374)
	at org.springframework.security.web.context.SecurityContextHolderFilter.doFilter(SecurityContextHolderFilter.java:82)
	at org.springframework.security.web.context.SecurityContextHolderFilter.doFilter(SecurityContextHolderFilter.java:69)
	at org.springframework.security.web.FilterChainProxy$VirtualFilterChain.doFilter(FilterChainProxy.java:374)
	at org.springframework.security.web.context.request.async.WebAsyncManagerIntegrationFilter.doFilterInternal(WebAsyncManagerIntegrationFilter.java:62)
	at org.springframework.web.filter.OncePerRequestFilter.doFilter(OncePerRequestFilter.java:116)
	at org.springframework.security.web.FilterChainProxy$VirtualFilterChain.doFilter(FilterChainProxy.java:374)
	at org.springframework.security.web.session.DisableEncodeUrlFilter.doFilterInternal(DisableEncodeUrlFilter.java:42)
	at org.springframework.web.filter.OncePerRequestFilter.doFilter(OncePerRequestFilter.java:116)
	at org.springframework.security.web.FilterChainProxy$VirtualFilterChain.doFilter(FilterChainProxy.java:374)
	at org.springframework.security.web.FilterChainProxy.doFilterInternal(FilterChainProxy.java:233)
	at org.springframework.security.web.FilterChainProxy.doFilter(FilterChainProxy.java:191)
	at org.springframework.web.filter.CompositeFilter$VirtualFilterChain.doFilter(CompositeFilter.java:113)
	at org.springframework.web.servlet.handler.HandlerMappingIntrospector.lambda$createCacheFilter$3(HandlerMappingIntrospector.java:195)
	at org.springframework.web.filter.CompositeFilter$VirtualFilterChain.doFilter(CompositeFilter.java:113)
	at org.springframework.web.filter.CompositeFilter.doFilter(CompositeFilter.java:74)
	at org.springframework.security.config.annotation.web.configuration.WebMvcSecurityConfiguration$CompositeFilterChainProxy.doFilter(WebMvcSecurityConfiguration.java:230)
	at org.springframework.web.filter.DelegatingFilterProxy.invokeDelegate(DelegatingFilterProxy.java:352)
	at org.springframework.web.filter.DelegatingFilterProxy.doFilter(DelegatingFilterProxy.java:268)
	at org.apache.catalina.core.ApplicationFilterChain.internalDoFilter(ApplicationFilterChain.java:164)
	at org.apache.catalina.core.ApplicationFilterChain.doFilter(ApplicationFilterChain.java:140)
	at org.springframework.web.filter.RequestContextFilter.doFilterInternal(RequestContextFilter.java:100)
	at org.springframework.web.filter.OncePerRequestFilter.doFilter(OncePerRequestFilter.java:116)
	at org.apache.catalina.core.ApplicationFilterChain.internalDoFilter(ApplicationFilterChain.java:164)
	at org.apache.catalina.core.ApplicationFilterChain.doFilter(ApplicationFilterChain.java:140)
	at org.springframework.web.filter.FormContentFilter.doFilterInternal(FormContentFilter.java:93)
	at org.springframework.web.filter.OncePerRequestFilter.doFilter(OncePerRequestFilter.java:116)
	at org.apache.catalina.core.ApplicationFilterChain.internalDoFilter(ApplicationFilterChain.java:164)
	at org.apache.catalina.core.ApplicationFilterChain.doFilter(ApplicationFilterChain.java:140)
	at org.springframework.web.filter.CharacterEncodingFilter.doFilterInternal(CharacterEncodingFilter.java:201)
	at org.springframework.web.filter.OncePerRequestFilter.doFilter(OncePerRequestFilter.java:116)
	at org.apache.catalina.core.ApplicationFilterChain.internalDoFilter(ApplicationFilterChain.java:164)
	at org.apache.catalina.core.ApplicationFilterChain.doFilter(ApplicationFilterChain.java:140)
	at org.apache.catalina.core.StandardWrapperValve.invoke(StandardWrapperValve.java:167)
	at org.apache.catalina.core.StandardContextValve.invoke(StandardContextValve.java:90)
	at org.apache.catalina.authenticator.AuthenticatorBase.invoke(AuthenticatorBase.java:482)
	at org.apache.catalina.core.StandardHostValve.invoke(StandardHostValve.java:115)
	at org.apache.catalina.valves.ErrorReportValve.invoke(ErrorReportValve.java:93)
	at org.apache.catalina.core.StandardEngineValve.invoke(StandardEngineValve.java:74)
	at org.apache.catalina.connector.CoyoteAdapter.service(CoyoteAdapter.java:344)
	at org.apache.coyote.http11.Http11Processor.service(Http11Processor.java:389)
	at org.apache.coyote.AbstractProcessorLight.process(AbstractProcessorLight.java:63)
	at org.apache.coyote.AbstractProtocol$ConnectionHandler.process(AbstractProtocol.java:904)
	at org.apache.tomcat.util.net.NioEndpoint$SocketProcessor.doRun(NioEndpoint.java:1741)
	at org.apache.tomcat.util.net.SocketProcessorBase.run(SocketProcessorBase.java:52)
	at org.apache.tomcat.util.threads.ThreadPoolExecutor.runWorker(ThreadPoolExecutor.java:1190)
	at org.apache.tomcat.util.threads.ThreadPoolExecutor$Worker.run(ThreadPoolExecutor.java:659)
	at org.apache.tomcat.util.threads.TaskThread$WrappingRunnable.run(TaskThread.java:63)
	at java.base/java.lang.Thread.run(Thread.java:1623)
[30m2024-11-26T21:44:29,682[m [32mINFO  [m[[1;34morg.springframework.kafka.KafkaListenerEndpointContainer#0-0-C-1[m] [1;33mNetworkClient[m: [Consumer clientId=consumer-groupId-1, groupId=groupId] Node 2147483646 disconnected.
[30m2024-11-26T21:44:29,696[m [32mINFO  [m[[1;34mkafka-coordinator-heartbeat-thread | groupId[m] [1;33mNetworkClient[m: [Consumer clientId=consumer-groupId-1, groupId=groupId] Node 1 disconnected.
[30m2024-11-26T21:44:29,699[m [32mINFO  [m[[1;34mkafka-coordinator-heartbeat-thread | groupId[m] [1;33mNetworkClient[m: [Consumer clientId=consumer-groupId-1, groupId=groupId] Cancelled in-flight FETCH request with correlation id 10487 due to node 1 being disconnected (elapsed time since creation: 441ms, elapsed time since send: 441ms, request timeout: 30000ms)
[30m2024-11-26T21:44:29,701[m [32mINFO  [m[[1;34mkafka-coordinator-heartbeat-thread | groupId[m] [1;33mNetworkClient[m: [Consumer clientId=consumer-groupId-1, groupId=groupId] Cancelled in-flight METADATA request with correlation id 10489 due to node 1 being disconnected (elapsed time since creation: 255ms, elapsed time since send: 255ms, request timeout: 30000ms)
[30m2024-11-26T21:44:29,756[m [32mINFO  [m[[1;34mkafka-coordinator-heartbeat-thread | groupId[m] [1;33mFetchSessionHandler[m: [Consumer clientId=consumer-groupId-1, groupId=groupId] Error sending fetch request (sessionId=316868877, epoch=8953) to node 1:
org.apache.kafka.common.errors.DisconnectException
[30m2024-11-26T21:44:29,836[m [32mINFO  [m[[1;34morg.springframework.kafka.KafkaListenerEndpointContainer#0-0-C-1[m] [1;33mNetworkClient[m: [Consumer clientId=consumer-groupId-1, groupId=groupId] Node 1 disconnected.
[30m2024-11-26T21:44:29,839[m [32mINFO  [m[[1;34morg.springframework.kafka.KafkaListenerEndpointContainer#0-0-C-1[m] [1;33mNetworkClient[m: [Consumer clientId=consumer-groupId-1, groupId=groupId] Cancelled in-flight API_VERSIONS request with correlation id 10491 due to node 1 being disconnected (elapsed time since creation: 75ms, elapsed time since send: 75ms, request timeout: 30000ms)
[30m2024-11-26T21:44:29,844[m [32mINFO  [m[[1;34morg.springframework.kafka.KafkaListenerEndpointContainer#0-0-C-1[m] [1;33mFetchSessionHandler[m: [Consumer clientId=consumer-groupId-1, groupId=groupId] Error sending fetch request (sessionId=316868877, epoch=INITIAL) to node 1:
org.apache.kafka.common.errors.DisconnectException
[30m2024-11-26T21:44:29,957[m [32mINFO  [m[[1;34morg.springframework.kafka.KafkaListenerEndpointContainer#0-0-C-1[m] [1;33mNetworkClient[m: [Consumer clientId=consumer-groupId-1, groupId=groupId] Node 1 disconnected.
[30m2024-11-26T21:44:29,961[m [32mINFO  [m[[1;34morg.springframework.kafka.KafkaListenerEndpointContainer#0-0-C-1[m] [1;33mNetworkClient[m: [Consumer clientId=consumer-groupId-1, groupId=groupId] Cancelled in-flight API_VERSIONS request with correlation id 10493 due to node 1 being disconnected (elapsed time since creation: 1ms, elapsed time since send: 1ms, request timeout: 30000ms)
[30m2024-11-26T21:44:29,965[m [32mINFO  [m[[1;34morg.springframework.kafka.KafkaListenerEndpointContainer#0-0-C-1[m] [1;33mFetchSessionHandler[m: [Consumer clientId=consumer-groupId-1, groupId=groupId] Error sending fetch request (sessionId=316868877, epoch=INITIAL) to node 1:
org.apache.kafka.common.errors.DisconnectException
[30m2024-11-26T21:44:30,207[m [32mINFO  [m[[1;34morg.springframework.kafka.KafkaListenerEndpointContainer#0-0-C-1[m] [1;33mNetworkClient[m: [Consumer clientId=consumer-groupId-1, groupId=groupId] Node 1 disconnected.
[30m2024-11-26T21:44:30,210[m [32mINFO  [m[[1;34morg.springframework.kafka.KafkaListenerEndpointContainer#0-0-C-1[m] [1;33mNetworkClient[m: [Consumer clientId=consumer-groupId-1, groupId=groupId] Cancelled in-flight API_VERSIONS request with correlation id 10494 due to node 1 being disconnected (elapsed time since creation: 1ms, elapsed time since send: 1ms, request timeout: 30000ms)
[30m2024-11-26T21:44:30,211[m [32mINFO  [m[[1;34morg.springframework.kafka.KafkaListenerEndpointContainer#0-0-C-1[m] [1;33mFetchSessionHandler[m: [Consumer clientId=consumer-groupId-1, groupId=groupId] Error sending fetch request (sessionId=316868877, epoch=INITIAL) to node 1:
org.apache.kafka.common.errors.DisconnectException
[30m2024-11-26T21:44:30,617[m [32mINFO  [m[[1;34morg.springframework.kafka.KafkaListenerEndpointContainer#0-0-C-1[m] [1;33mNetworkClient[m: [Consumer clientId=consumer-groupId-1, groupId=groupId] Node 1 disconnected.
[30m2024-11-26T21:44:30,619[m [32mINFO  [m[[1;34morg.springframework.kafka.KafkaListenerEndpointContainer#0-0-C-1[m] [1;33mNetworkClient[m: [Consumer clientId=consumer-groupId-1, groupId=groupId] Cancelled in-flight API_VERSIONS request with correlation id 10497 due to node 1 being disconnected (elapsed time since creation: 1ms, elapsed time since send: 1ms, request timeout: 30000ms)
[30m2024-11-26T21:44:30,620[m [32mINFO  [m[[1;34morg.springframework.kafka.KafkaListenerEndpointContainer#0-0-C-1[m] [1;33mFetchSessionHandler[m: [Consumer clientId=consumer-groupId-1, groupId=groupId] Error sending fetch request (sessionId=316868877, epoch=INITIAL) to node 1:
org.apache.kafka.common.errors.DisconnectException
[30m2024-11-26T21:44:30,640[m [32mINFO  [m[[1;34morg.springframework.kafka.KafkaListenerEndpointContainer#0-0-C-1[m] [1;33mConsumerRebalanceListenerInvoker[m: [Consumer clientId=consumer-groupId-1, groupId=groupId] Revoke previously assigned partitions shamba_lab-0
[30m2024-11-26T21:44:30,642[m [32mINFO  [m[[1;34morg.springframework.kafka.KafkaListenerEndpointContainer#0-0-C-1[m] [1;33mLogAccessor[m: groupId: partitions revoked: [shamba_lab-0]
[30m2024-11-26T21:44:30,643[m [32mINFO  [m[[1;34morg.springframework.kafka.KafkaListenerEndpointContainer#0-0-C-1[m] [1;33mAbstractCoordinator[m: [Consumer clientId=consumer-groupId-1, groupId=groupId] Member consumer-groupId-1-4ea6fa6f-ec4b-4cf9-9d01-8b729f93d468 sending LeaveGroup request to coordinator localhost:29092 (id: 2147483646 rack: null) due to the consumer unsubscribed from all topics
[30m2024-11-26T21:44:30,647[m [32mINFO  [m[[1;34morg.springframework.kafka.KafkaListenerEndpointContainer#0-0-C-1[m] [1;33mAbstractCoordinator[m: [Consumer clientId=consumer-groupId-1, groupId=groupId] Resetting generation and member id due to: consumer pro-actively leaving the group
[30m2024-11-26T21:44:30,647[m [32mINFO  [m[[1;34morg.springframework.kafka.KafkaListenerEndpointContainer#0-0-C-1[m] [1;33mAbstractCoordinator[m: [Consumer clientId=consumer-groupId-1, groupId=groupId] Request joining group due to: consumer pro-actively leaving the group
[30m2024-11-26T21:44:30,648[m [32mINFO  [m[[1;34morg.springframework.kafka.KafkaListenerEndpointContainer#0-0-C-1[m] [1;33mLegacyKafkaConsumer[m: [Consumer clientId=consumer-groupId-1, groupId=groupId] Unsubscribed all topics or patterns and assigned partitions
[30m2024-11-26T21:44:30,657[m [32mINFO  [m[[1;34morg.springframework.kafka.KafkaListenerEndpointContainer#0-0-C-1[m] [1;33mAbstractCoordinator[m: [Consumer clientId=consumer-groupId-1, groupId=groupId] Resetting generation and member id due to: consumer pro-actively leaving the group
[30m2024-11-26T21:44:30,658[m [32mINFO  [m[[1;34morg.springframework.kafka.KafkaListenerEndpointContainer#0-0-C-1[m] [1;33mAbstractCoordinator[m: [Consumer clientId=consumer-groupId-1, groupId=groupId] Request joining group due to: consumer pro-actively leaving the group
[30m2024-11-26T21:44:30,658[m [32mINFO  [m[[1;34morg.springframework.kafka.KafkaListenerEndpointContainer#0-0-C-1[m] [1;33mNetworkClient[m: [Consumer clientId=consumer-groupId-1, groupId=groupId] Node 2147483646 disconnected.
[30m2024-11-26T21:44:30,659[m [32mINFO  [m[[1;34morg.springframework.kafka.KafkaListenerEndpointContainer#0-0-C-1[m] [1;33mNetworkClient[m: [Consumer clientId=consumer-groupId-1, groupId=groupId] Cancelled in-flight API_VERSIONS request with correlation id 10499 due to node 2147483646 being disconnected (elapsed time since creation: 11ms, elapsed time since send: 11ms, request timeout: 30000ms)
[30m2024-11-26T21:44:30,660[m [32mINFO  [m[[1;34morg.springframework.kafka.KafkaListenerEndpointContainer#0-0-C-1[m] [1;33mAbstractCoordinator[m: [Consumer clientId=consumer-groupId-1, groupId=groupId] Group coordinator localhost:29092 (id: 2147483646 rack: null) is unavailable or invalid due to cause: null. isDisconnected: true. Rediscovery will be attempted.
[30m2024-11-26T21:44:30,670[m [32mINFO  [m[[1;34morg.springframework.kafka.KafkaListenerEndpointContainer#0-0-C-1[m] [1;33mMetrics[m: Metrics scheduler closed
[30m2024-11-26T21:44:30,671[m [32mINFO  [m[[1;34morg.springframework.kafka.KafkaListenerEndpointContainer#0-0-C-1[m] [1;33mMetrics[m: Closing reporter org.apache.kafka.common.metrics.JmxReporter
[30m2024-11-26T21:44:30,673[m [32mINFO  [m[[1;34morg.springframework.kafka.KafkaListenerEndpointContainer#0-0-C-1[m] [1;33mMetrics[m: Closing reporter org.apache.kafka.common.telemetry.internals.ClientTelemetryReporter
[30m2024-11-26T21:44:30,673[m [32mINFO  [m[[1;34morg.springframework.kafka.KafkaListenerEndpointContainer#0-0-C-1[m] [1;33mMetrics[m: Metrics reporters closed
[30m2024-11-26T21:44:30,721[m [32mINFO  [m[[1;34morg.springframework.kafka.KafkaListenerEndpointContainer#0-0-C-1[m] [1;33mAppInfoParser[m: App info kafka.consumer for consumer-groupId-1 unregistered
[30m2024-11-26T21:44:30,723[m [32mINFO  [m[[1;34morg.springframework.kafka.KafkaListenerEndpointContainer#0-0-C-1[m] [1;33mLogAccessor[m: groupId: Consumer stopped
[30m2024-11-26T21:44:30,749[m [32mINFO  [m[[1;34mSpringApplicationShutdownHook[m] [1;33mAbstractEntityManagerFactoryBean[m: Closing JPA EntityManagerFactory for persistence unit 'default'
[30m2024-11-26T21:44:30,756[m [32mINFO  [m[[1;34mSpringApplicationShutdownHook[m] [1;33mHikariDataSource[m: HikariPool-1 - Shutdown initiated...
[30m2024-11-26T21:44:30,767[m [32mINFO  [m[[1;34mSpringApplicationShutdownHook[m] [1;33mHikariDataSource[m: HikariPool-1 - Shutdown completed.
